#! /usr/bin/vvp
:ivl_version "11.0 (stable)";
:ivl_delay_selection "TYPICAL";
:vpi_time_precision + 0;
:vpi_module "/usr/lib/x86_64-linux-gnu/ivl/system.vpi";
:vpi_module "/usr/lib/x86_64-linux-gnu/ivl/vhdl_sys.vpi";
:vpi_module "/usr/lib/x86_64-linux-gnu/ivl/vhdl_textio.vpi";
:vpi_module "/usr/lib/x86_64-linux-gnu/ivl/v2005_math.vpi";
:vpi_module "/usr/lib/x86_64-linux-gnu/ivl/va_math.vpi";
S_0x556c94a2dfa0 .scope module, "tb_processor" "tb_processor" 2 3;
 .timescale 0 0;
P_0x556c94964080 .param/l "CLK_PERIOD" 1 2 13, +C4<00000000000000000000000000001010>;
v0x556c94a64e70_0 .var "clk", 0 0;
v0x556c94a64f30_0 .var "reset_n", 0 0;
S_0x556c9494d1b0 .scope module, "dut" "top" 2 8, 3 1 0, S_0x556c94a2dfa0;
 .timescale 0 0;
    .port_info 0 /INPUT 1 "clk";
    .port_info 1 /INPUT 1 "reset_n";
    .port_info 2 /OUTPUT 5 "leds";
    .port_info 3 /OUTPUT 1 "uart_tx";
P_0x556c949fe8a0 .param/str "MEM_FILE" 0 3 8, "/home/iraj/LearnSoC/picoSoC_v3/firmware/firmware.hex";
L_0x556c94a20fb0 .functor AND 1, L_0x556c94a908b0, L_0x556c94a8bf80, C4<1>, C4<1>;
L_0x556c949bcfe0 .functor AND 4, L_0x556c94a651c0, L_0x556c94a8bc10, C4<1111>, C4<1111>;
L_0x556c94a8d9d0 .functor AND 1, L_0x556c94a90970, L_0x556c94a8d8f0, C4<1>, C4<1>;
L_0x556c94a8ddb0 .functor AND 1, L_0x556c94a90970, L_0x556c94a8bf80, C4<1>, C4<1>;
L_0x556c94a8ff90 .functor AND 1, L_0x556c94a90a70, L_0x556c94a8fd70, C4<1>, C4<1>;
L_0x556c94a8ff20 .functor AND 1, L_0x556c94a90a70, L_0x556c94a8bf80, C4<1>, C4<1>;
L_0x7ff378617d50 .functor BUFT 1, C4<0000>, C4<0>, C4<0>, C4<0>;
v0x556c94a638b0_0 .net/2u *"_ivl_14", 3 0, L_0x7ff378617d50;  1 drivers
v0x556c94a639b0_0 .net *"_ivl_17", 27 0, L_0x556c94a8d660;  1 drivers
v0x556c94a63a90_0 .net *"_ivl_2", 3 0, L_0x556c94a651c0;  1 drivers
v0x556c94a63b80_0 .net *"_ivl_21", 0 0, L_0x556c94a8d8f0;  1 drivers
L_0x7ff378617d98 .functor BUFT 1, C4<0000>, C4<0>, C4<0>, C4<0>;
v0x556c94a63c40_0 .net/2u *"_ivl_24", 3 0, L_0x7ff378617d98;  1 drivers
v0x556c94a63d20_0 .net *"_ivl_27", 27 0, L_0x556c94a8db30;  1 drivers
L_0x7ff378618188 .functor BUFT 1, C4<0000>, C4<0>, C4<0>, C4<0>;
v0x556c94a63e00_0 .net/2u *"_ivl_34", 3 0, L_0x7ff378618188;  1 drivers
v0x556c94a63ee0_0 .net *"_ivl_37", 27 0, L_0x556c94a8fac0;  1 drivers
v0x556c94a63fc0_0 .net *"_ivl_41", 0 0, L_0x556c94a8fd70;  1 drivers
L_0x7ff3786181d0 .functor BUFT 1, C4<0000>, C4<0>, C4<0>, C4<0>;
v0x556c94a64080_0 .net/2u *"_ivl_44", 3 0, L_0x7ff3786181d0;  1 drivers
v0x556c94a64160_0 .net *"_ivl_47", 27 0, L_0x556c94a900a0;  1 drivers
v0x556c94a64240_0 .net "clk", 0 0, v0x556c94a64e70_0;  1 drivers
v0x556c94a642e0_0 .net "leds", 4 0, L_0x556c94a8d570;  1 drivers
v0x556c94a643c0_0 .net "mem_addr", 31 0, L_0x556c94a83600;  1 drivers
v0x556c94a64480_0 .net "mem_rdata", 31 0, v0x556c94a24060_0;  1 drivers
v0x556c94a64540_0 .net "mem_rstrb", 0 0, L_0x556c94a8bf80;  1 drivers
v0x556c94a64610_0 .net "mem_wdata", 31 0, L_0x556c94a89b90;  1 drivers
v0x556c94a647c0_0 .net "mem_wstrb", 3 0, L_0x556c94a8bc10;  1 drivers
v0x556c94a64860_0 .var "processor_rdata", 31 0;
v0x556c94a64950_0 .net "rdata_gpio", 31 0, L_0x556c94a8d3a0;  1 drivers
v0x556c94a64a20_0 .net "rdata_uart", 31 0, L_0x556c94a8f240;  1 drivers
v0x556c94a64ac0_0 .net "reset_n", 0 0, v0x556c94a64f30_0;  1 drivers
v0x556c94a64b60_0 .net "s0_sel_mem", 0 0, L_0x556c94a908b0;  1 drivers
v0x556c94a64c30_0 .net "s1_sel_gpio", 0 0, L_0x556c94a90970;  1 drivers
v0x556c94a64d00_0 .net "s2_sel_uart", 0 0, L_0x556c94a90a70;  1 drivers
v0x556c94a64dd0_0 .net "uart_tx", 0 0, L_0x556c94a8f880;  1 drivers
E_0x556c9496dbb0/0 .event edge, v0x556c94a4c4c0_0, v0x556c94a4c400_0, v0x556c94a4c340_0, v0x556c94a24060_0;
E_0x556c9496dbb0/1 .event edge, v0x556c94a4d4e0_0, v0x556c94a61020_0;
E_0x556c9496dbb0 .event/or E_0x556c9496dbb0/0, E_0x556c9496dbb0/1;
L_0x556c94a651c0 .concat [ 1 1 1 1], L_0x556c94a908b0, L_0x556c94a908b0, L_0x556c94a908b0, L_0x556c94a908b0;
L_0x556c94a8d4d0 .reduce/nor v0x556c94a64f30_0;
L_0x556c94a8d570 .part L_0x556c94a8d2e0, 0, 5;
L_0x556c94a8d660 .part L_0x556c94a83600, 0, 28;
L_0x556c94a8d760 .concat [ 28 4 0 0], L_0x556c94a8d660, L_0x7ff378617d50;
L_0x556c94a8d8f0 .reduce/or L_0x556c94a8bc10;
L_0x556c94a8db30 .part L_0x556c94a83600, 0, 28;
L_0x556c94a8dbd0 .concat [ 28 4 0 0], L_0x556c94a8db30, L_0x7ff378617d98;
L_0x556c94a8f990 .reduce/nor v0x556c94a64f30_0;
L_0x556c94a8fac0 .part L_0x556c94a83600, 0, 28;
L_0x556c94a8fcd0 .concat [ 28 4 0 0], L_0x556c94a8fac0, L_0x7ff378618188;
L_0x556c94a8fd70 .reduce/or L_0x556c94a8bc10;
L_0x556c94a900a0 .part L_0x556c94a83600, 0, 28;
L_0x556c94a90140 .concat [ 28 4 0 0], L_0x556c94a900a0, L_0x7ff3786181d0;
S_0x556c94a1fc30 .scope module, "D_mem_unit" "Memory" 3 38, 4 1 0, S_0x556c9494d1b0;
 .timescale 0 0;
    .port_info 0 /INPUT 1 "clk";
    .port_info 1 /INPUT 32 "mem_addr";
    .port_info 2 /OUTPUT 32 "mem_rdata";
    .port_info 3 /INPUT 1 "mem_rstrb";
    .port_info 4 /INPUT 32 "mem_wdata";
    .port_info 5 /INPUT 4 "mem_wmask";
P_0x556c94a3c9c0 .param/str "MEM_FILE" 0 4 1, "/home/iraj/LearnSoC/picoSoC_v3/firmware/firmware.hex";
P_0x556c94a3ca00 .param/l "SIZE" 0 4 2, +C4<00000000000000000000010000000000>;
v0x556c94a1d5e0 .array "MEM", 1023 0, 31 0;
v0x556c94a210d0_0 .net "clk", 0 0, v0x556c94a64e70_0;  alias, 1 drivers
v0x556c94a22d00_0 .var/i "i", 31 0;
v0x556c94a23750_0 .net "mem_addr", 31 0, L_0x556c94a83600;  alias, 1 drivers
v0x556c94a24060_0 .var "mem_rdata", 31 0;
v0x556c9494a230_0 .net "mem_rstrb", 0 0, L_0x556c94a20fb0;  1 drivers
v0x556c94a4b880_0 .net "mem_wdata", 31 0, L_0x556c94a89b90;  alias, 1 drivers
v0x556c94a4b960_0 .net "mem_wmask", 3 0, L_0x556c949bcfe0;  1 drivers
v0x556c94a4ba40_0 .net "word_addr", 29 0, L_0x556c94a65040;  1 drivers
E_0x556c94a3b5a0 .event posedge, v0x556c94a210d0_0;
L_0x556c94a65040 .part L_0x556c94a83600, 2, 30;
S_0x556c94a1ff20 .scope module, "dv_sel" "device_select" 3 99, 5 1 0, S_0x556c9494d1b0;
 .timescale 0 0;
    .port_info 0 /INPUT 32 "addr";
    .port_info 1 /OUTPUT 1 "s0_sel_mem";
    .port_info 2 /OUTPUT 1 "s1_sel_gpio";
    .port_info 3 /OUTPUT 1 "s2_sel_uart";
L_0x556c94a908b0 .functor BUFZ 1, L_0x556c94a90390, C4<0>, C4<0>, C4<0>;
L_0x556c94a90970 .functor BUFZ 1, L_0x556c94a90520, C4<0>, C4<0>, C4<0>;
L_0x556c94a90a70 .functor BUFZ 1, L_0x556c94a90730, C4<0>, C4<0>, C4<0>;
v0x556c94a4bc00_0 .net *"_ivl_1", 3 0, L_0x556c94a902f0;  1 drivers
v0x556c94a4bce0_0 .net *"_ivl_13", 3 0, L_0x556c94a90690;  1 drivers
L_0x7ff3786182a8 .functor BUFT 1, C4<0101>, C4<0>, C4<0>, C4<0>;
v0x556c94a4bdc0_0 .net/2u *"_ivl_14", 3 0, L_0x7ff3786182a8;  1 drivers
L_0x7ff378618218 .functor BUFT 1, C4<0000>, C4<0>, C4<0>, C4<0>;
v0x556c94a4be80_0 .net/2u *"_ivl_2", 3 0, L_0x7ff378618218;  1 drivers
v0x556c94a4bf60_0 .net *"_ivl_7", 3 0, L_0x556c94a90480;  1 drivers
L_0x7ff378618260 .functor BUFT 1, C4<0100>, C4<0>, C4<0>, C4<0>;
v0x556c94a4c040_0 .net/2u *"_ivl_8", 3 0, L_0x7ff378618260;  1 drivers
v0x556c94a4c120_0 .net "addr", 31 0, L_0x556c94a83600;  alias, 1 drivers
v0x556c94a4c1e0_0 .net "gpio_space", 0 0, L_0x556c94a90520;  1 drivers
v0x556c94a4c280_0 .net "mem_space", 0 0, L_0x556c94a90390;  1 drivers
v0x556c94a4c340_0 .net "s0_sel_mem", 0 0, L_0x556c94a908b0;  alias, 1 drivers
v0x556c94a4c400_0 .net "s1_sel_gpio", 0 0, L_0x556c94a90970;  alias, 1 drivers
v0x556c94a4c4c0_0 .net "s2_sel_uart", 0 0, L_0x556c94a90a70;  alias, 1 drivers
v0x556c94a4c580_0 .net "uart_space", 0 0, L_0x556c94a90730;  1 drivers
L_0x556c94a902f0 .part L_0x556c94a83600, 28, 4;
L_0x556c94a90390 .cmp/eq 4, L_0x556c94a902f0, L_0x7ff378618218;
L_0x556c94a90480 .part L_0x556c94a83600, 28, 4;
L_0x556c94a90520 .cmp/eq 4, L_0x556c94a90480, L_0x7ff378618260;
L_0x556c94a90690 .part L_0x556c94a83600, 28, 4;
L_0x556c94a90730 .cmp/eq 4, L_0x556c94a90690, L_0x7ff3786182a8;
S_0x556c94a20610 .scope module, "gpio_unit" "gpio_ip" 3 59, 6 3 0, S_0x556c9494d1b0;
 .timescale 0 0;
    .port_info 0 /INPUT 1 "clk";
    .port_info 1 /INPUT 1 "rst";
    .port_info 2 /OUTPUT 32 "csr_gpio_0_data_out";
    .port_info 3 /INPUT 32 "waddr";
    .port_info 4 /INPUT 32 "wdata";
    .port_info 5 /INPUT 1 "wen";
    .port_info 6 /INPUT 4 "wstrb";
    .port_info 7 /OUTPUT 1 "wready";
    .port_info 8 /INPUT 32 "raddr";
    .port_info 9 /INPUT 1 "ren";
    .port_info 10 /OUTPUT 32 "rdata";
    .port_info 11 /OUTPUT 1 "rvalid";
P_0x556c94a4c6f0 .param/l "ADDR_W" 0 6 4, +C4<00000000000000000000000000100000>;
P_0x556c94a4c730 .param/l "DATA_W" 0 6 5, +C4<00000000000000000000000000100000>;
P_0x556c94a4c770 .param/l "STRB_W" 0 6 6, +C4<00000000000000000000000000000100>;
L_0x556c94a8d000 .functor AND 1, L_0x556c94a8d9d0, L_0x556c94a8cf60, C4<1>, C4<1>;
L_0x556c94a8d1b0 .functor AND 1, L_0x556c94a8ddb0, L_0x556c94a8d0c0, C4<1>, C4<1>;
L_0x556c94a8d270 .functor BUFZ 32, v0x556c94a4cf40_0, C4<00000000000000000000000000000000>, C4<00000000000000000000000000000000>, C4<00000000000000000000000000000000>;
L_0x556c94a8d2e0 .functor BUFZ 32, v0x556c94a4cf40_0, C4<00000000000000000000000000000000>, C4<00000000000000000000000000000000>, C4<00000000000000000000000000000000>;
L_0x556c94a8d3a0 .functor BUFZ 32, v0x556c94a4d5c0_0, C4<00000000000000000000000000000000>, C4<00000000000000000000000000000000>, C4<00000000000000000000000000000000>;
L_0x556c94a8d460 .functor BUFZ 1, v0x556c94a4d8e0_0, C4<0>, C4<0>, C4<0>;
L_0x7ff378617c78 .functor BUFT 1, C4<00000000000000000000000000000000>, C4<0>, C4<0>, C4<0>;
v0x556c94a4cb00_0 .net/2u *"_ivl_0", 31 0, L_0x7ff378617c78;  1 drivers
v0x556c94a4cbe0_0 .net *"_ivl_2", 0 0, L_0x556c94a8cf60;  1 drivers
L_0x7ff378617cc0 .functor BUFT 1, C4<00000000000000000000000000000000>, C4<0>, C4<0>, C4<0>;
v0x556c94a4cca0_0 .net/2u *"_ivl_6", 31 0, L_0x7ff378617cc0;  1 drivers
v0x556c94a4cd90_0 .net *"_ivl_8", 0 0, L_0x556c94a8d0c0;  1 drivers
v0x556c94a4ce50_0 .net "clk", 0 0, v0x556c94a64e70_0;  alias, 1 drivers
v0x556c94a4cf40_0 .var "csr_gpio_0_data_ff", 31 0;
v0x556c94a4d000_0 .net "csr_gpio_0_data_out", 31 0, L_0x556c94a8d2e0;  1 drivers
v0x556c94a4d0e0_0 .net "csr_gpio_0_rdata", 31 0, L_0x556c94a8d270;  1 drivers
v0x556c94a4d1c0_0 .net "csr_gpio_0_ren", 0 0, L_0x556c94a8d1b0;  1 drivers
v0x556c94a4d280_0 .var "csr_gpio_0_ren_ff", 0 0;
v0x556c94a4d340_0 .net "csr_gpio_0_wen", 0 0, L_0x556c94a8d000;  1 drivers
v0x556c94a4d400_0 .net "raddr", 31 0, L_0x556c94a8dbd0;  1 drivers
v0x556c94a4d4e0_0 .net "rdata", 31 0, L_0x556c94a8d3a0;  alias, 1 drivers
v0x556c94a4d5c0_0 .var "rdata_ff", 31 0;
v0x556c94a4d6a0_0 .net "ren", 0 0, L_0x556c94a8ddb0;  1 drivers
v0x556c94a4d760_0 .net "rst", 0 0, L_0x556c94a8d4d0;  1 drivers
v0x556c94a4d820_0 .net "rvalid", 0 0, L_0x556c94a8d460;  1 drivers
v0x556c94a4d8e0_0 .var "rvalid_ff", 0 0;
v0x556c94a4d9a0_0 .net "waddr", 31 0, L_0x556c94a8d760;  1 drivers
v0x556c94a4da80_0 .net "wdata", 31 0, L_0x556c94a89b90;  alias, 1 drivers
v0x556c94a4db70_0 .net "wen", 0 0, L_0x556c94a8d9d0;  1 drivers
L_0x7ff378617d08 .functor BUFT 1, C4<1>, C4<0>, C4<0>, C4<0>;
v0x556c94a4dc10_0 .net "wready", 0 0, L_0x7ff378617d08;  1 drivers
v0x556c94a4dcd0_0 .net "wstrb", 3 0, L_0x556c94a8bc10;  alias, 1 drivers
L_0x556c94a8cf60 .cmp/eq 32, L_0x556c94a8d760, L_0x7ff378617c78;
L_0x556c94a8d0c0 .cmp/eq 32, L_0x556c94a8dbd0, L_0x7ff378617cc0;
S_0x556c94a209f0 .scope module, "processor" "FemtoRV32" 3 47, 7 38 0, S_0x556c9494d1b0;
 .timescale 0 0;
    .port_info 0 /INPUT 1 "clk";
    .port_info 1 /OUTPUT 32 "mem_addr";
    .port_info 2 /OUTPUT 32 "mem_wdata";
    .port_info 3 /OUTPUT 4 "mem_wmask";
    .port_info 4 /INPUT 32 "mem_rdata";
    .port_info 5 /OUTPUT 1 "mem_rstrb";
    .port_info 6 /INPUT 1 "mem_rbusy";
    .port_info 7 /INPUT 1 "mem_wbusy";
    .port_info 8 /INPUT 1 "reset";
P_0x556c94a4df30 .param/l "ADDR_WIDTH" 0 7 53, +C4<00000000000000000000000000100000>;
P_0x556c94a4df70 .param/l "EXECUTE" 1 7 317, +C4<0000000000000000000000000000000100>;
P_0x556c94a4dfb0 .param/l "EXECUTE_bit" 1 7 311, +C4<00000000000000000000000000000010>;
P_0x556c94a4dff0 .param/l "FETCH_INSTR" 1 7 315, +C4<00000000000000000000000000000001>;
P_0x556c94a4e030 .param/l "FETCH_INSTR_bit" 1 7 309, +C4<00000000000000000000000000000000>;
P_0x556c94a4e070 .param/l "NB_STATES" 1 7 313, +C4<00000000000000000000000000000100>;
P_0x556c94a4e0b0 .param/l "RESET_ADDR" 0 7 52, C4<00000000000000000000000000000000>;
P_0x556c94a4e0f0 .param/l "WAIT_ALU_OR_MEM" 1 7 318, +C4<00000000000000000000000000000001000>;
P_0x556c94a4e130 .param/l "WAIT_ALU_OR_MEM_bit" 1 7 312, +C4<00000000000000000000000000000011>;
P_0x556c94a4e170 .param/l "WAIT_INSTR" 1 7 316, +C4<000000000000000000000000000000010>;
P_0x556c94a4e1b0 .param/l "WAIT_INSTR_bit" 1 7 310, +C4<00000000000000000000000000000001>;
L_0x556c94990820 .functor OR 1, L_0x556c94a78400, L_0x556c94a789f0, C4<0>, C4<0>;
L_0x556c94a79d90 .functor BUFZ 32, v0x556c94a56470_0, C4<00000000000000000000000000000000>, C4<00000000000000000000000000000000>, C4<00000000000000000000000000000000>;
L_0x556c94a79e00 .functor OR 1, L_0x556c94a789f0, L_0x556c94a79a00, C4<0>, C4<0>;
L_0x556c94a7a300 .functor NOT 32, L_0x556c94a79ec0, C4<00000000000000000000000000000000>, C4<00000000000000000000000000000000>, C4<00000000000000000000000000000000>;
L_0x556c94a7a910 .functor XOR 1, L_0x556c94a7ad40, L_0x556c94a7afa0, C4<0>, C4<0>;
L_0x556c94a7c260 .functor AND 1, L_0x556c94a7bf10, L_0x556c94a7bfb0, C4<1>, C4<1>;
L_0x556c94a7d1a0 .functor OR 32, L_0x556c94a7c830, L_0x556c94a7cdd0, C4<00000000000000000000000000000000>, C4<00000000000000000000000000000000>;
L_0x556c94a7d820 .functor OR 32, L_0x556c94a7d1a0, L_0x556c94a7d690, C4<00000000000000000000000000000000>, C4<00000000000000000000000000000000>;
L_0x556c94a7dc80 .functor XOR 32, L_0x556c94a79d90, L_0x556c94a79ec0, C4<00000000000000000000000000000000>, C4<00000000000000000000000000000000>;
L_0x556c94a7de80 .functor OR 32, L_0x556c94a7d820, L_0x556c94a7dcf0, C4<00000000000000000000000000000000>, C4<00000000000000000000000000000000>;
L_0x556c94a7e300 .functor OR 32, L_0x556c94a79d90, L_0x556c94a79ec0, C4<00000000000000000000000000000000>, C4<00000000000000000000000000000000>;
L_0x556c94a7e4b0 .functor OR 32, L_0x556c94a7de80, L_0x556c94a7e370, C4<00000000000000000000000000000000>, C4<00000000000000000000000000000000>;
L_0x556c94a7e950 .functor AND 32, L_0x556c94a79d90, L_0x556c94a79ec0, C4<11111111111111111111111111111111>, C4<11111111111111111111111111111111>;
L_0x556c94a7eb50 .functor OR 32, L_0x556c94a7e4b0, L_0x556c94a7e9c0, C4<00000000000000000000000000000000>, C4<00000000000000000000000000000000>;
L_0x556c94a7e5c0 .functor OR 32, L_0x556c94a7eb50, L_0x556c94a7ece0, C4<00000000000000000000000000000000>, C4<00000000000000000000000000000000>;
L_0x556c94a7f5f0 .functor OR 1, L_0x556c94a7f100, L_0x556c94a7f2b0, C4<0>, C4<0>;
L_0x556c94a7f880 .functor AND 1, L_0x556c94a7f7e0, L_0x556c94a7bb00, C4<1>, C4<1>;
L_0x556c94a7fd80 .functor AND 1, L_0x556c94a7f990, L_0x556c94a7fce0, C4<1>, C4<1>;
L_0x556c94a7ff30 .functor OR 1, L_0x556c94a7f880, L_0x556c94a7fd80, C4<0>, C4<0>;
L_0x556c94a803a0 .functor AND 1, L_0x556c94a80040, L_0x556c94a7b3d0, C4<1>, C4<1>;
L_0x556c94a80510 .functor OR 1, L_0x556c94a7ff30, L_0x556c94a803a0, C4<0>, C4<0>;
L_0x556c94a80990 .functor AND 1, L_0x556c94a7fe90, L_0x556c94a80620, C4<1>, C4<1>;
L_0x556c94a80b10 .functor OR 1, L_0x556c94a80510, L_0x556c94a80990, C4<0>, C4<0>;
L_0x556c94a80cc0 .functor AND 1, L_0x556c94a80c20, L_0x556c94a7b740, C4<1>, C4<1>;
L_0x556c94a80e50 .functor OR 1, L_0x556c94a80b10, L_0x556c94a80cc0, C4<0>, C4<0>;
L_0x556c94a81380 .functor AND 1, L_0x556c94a80f60, L_0x556c94a812e0, C4<1>, C4<1>;
L_0x556c94a81520 .functor OR 1, L_0x556c94a80e50, L_0x556c94a81380, C4<0>, C4<0>;
L_0x556c94a816d0 .functor OR 1, L_0x556c94a82fa0, L_0x556c94a83040, C4<0>, C4<0>;
L_0x556c94a83d10 .functor OR 32, L_0x556c94a83740, L_0x556c94a83bd0, C4<00000000000000000000000000000000>, C4<00000000000000000000000000000000>;
L_0x556c94a84310 .functor OR 32, L_0x556c94a83d10, L_0x556c94a83e20, C4<00000000000000000000000000000000>, C4<00000000000000000000000000000000>;
L_0x556c94a846b0 .functor OR 32, L_0x556c94a84310, L_0x556c94a84520, C4<00000000000000000000000000000000>, C4<00000000000000000000000000000000>;
L_0x556c94a847c0 .functor OR 1, L_0x556c94a78fb0, L_0x556c94a78d00, C4<0>, C4<0>;
L_0x556c94a84ee0 .functor OR 32, L_0x556c94a846b0, L_0x556c94a849e0, C4<00000000000000000000000000000000>, C4<00000000000000000000000000000000>;
L_0x556c94a85130 .functor OR 32, L_0x556c94a84ee0, L_0x556c94a84ff0, C4<00000000000000000000000000000000>, C4<00000000000000000000000000000000>;
L_0x556c94a86da0 .functor AND 1, L_0x556c94a86270, L_0x556c94a86850, C4<1>, C4<1>;
L_0x556c94a8aea0 .functor OR 1, L_0x556c94a79a00, L_0x556c94a786f0, C4<0>, C4<0>;
L_0x556c94a85240 .functor NOT 1, L_0x556c94a8aea0, C4<0>, C4<0>, C4<0>;
L_0x556c94a8b240 .functor OR 1, L_0x556c94a8b7d0, L_0x556c94a8b1a0, C4<0>, C4<0>;
L_0x556c94a8b440 .functor AND 1, L_0x556c94a85240, L_0x556c94a8b240, C4<1>, C4<1>;
L_0x556c94a8b5f0 .functor AND 1, L_0x556c94a8b550, L_0x556c94a78120, C4<1>, C4<1>;
L_0x556c94a8bf80 .functor OR 1, L_0x556c94a8b5f0, L_0x556c94a8bee0, C4<0>, C4<0>;
L_0x556c94a8b870 .functor AND 1, L_0x556c94a8c040, L_0x556c94a786f0, C4<1>, C4<1>;
L_0x556c94a8bc10 .functor AND 4, L_0x556c94a8ba90, L_0x556c94a8adb0, C4<1111>, C4<1111>;
L_0x556c94a8c0e0 .functor AND 1, L_0x556c94a8bcd0, L_0x556c94990820, C4<1>, C4<1>;
L_0x556c94a8c310 .functor AND 1, L_0x556c94a79a00, L_0x556c94a81520, C4<1>, C4<1>;
L_0x556c94a8c380 .functor OR 1, L_0x556c94a78d00, L_0x556c94a8c310, C4<0>, C4<0>;
L_0x556c94a8cc60 .functor OR 1, L_0x556c94a78120, L_0x556c94a786f0, C4<0>, C4<0>;
L_0x556c94a8cdf0 .functor AND 1, L_0x556c94990820, L_0x556c94a7f5f0, C4<1>, C4<1>;
L_0x556c94a8cef0 .functor OR 1, L_0x556c94a8cc60, L_0x556c94a8cdf0, C4<0>, C4<0>;
v0x556c94a4e5d0_0 .net "Bimm", 31 0, L_0x556c94a770b0;  1 drivers
v0x556c94a4e9b0_0 .net "EQ", 0 0, L_0x556c94a7bb00;  1 drivers
v0x556c94a4ea70_0 .net "Iimm", 31 0, L_0x556c94a760f0;  1 drivers
v0x556c94a4eb60_0 .net "Jimm", 31 0, L_0x556c94a77d30;  1 drivers
v0x556c94a4ec40_0 .net "LOAD_byte", 7 0, L_0x556c94a89820;  1 drivers
v0x556c94a4ed70_0 .net "LOAD_data", 31 0, L_0x556c94a87fc0;  1 drivers
v0x556c94a4ee50_0 .net "LOAD_halfword", 15 0, L_0x556c94a88bb0;  1 drivers
v0x556c94a4ef30_0 .net "LOAD_sign", 0 0, L_0x556c94a86da0;  1 drivers
v0x556c94a4eff0_0 .net "LT", 0 0, L_0x556c94a7b3d0;  1 drivers
v0x556c94a4f0b0_0 .net "LTU", 0 0, L_0x556c94a7b740;  1 drivers
v0x556c94a4f170_0 .var "PC", 31 0;
v0x556c94a4f250_0 .net "PCplus4", 31 0, L_0x556c94a81630;  1 drivers
v0x556c94a4f330_0 .net "PCplusImm", 31 0, L_0x556c94a824f0;  1 drivers
v0x556c94a4f410_0 .net "STORE_wmask", 3 0, L_0x556c94a8adb0;  1 drivers
v0x556c94a4f4f0_0 .net "Simm", 31 0, L_0x556c94a76880;  1 drivers
v0x556c94a4f5d0_0 .net "Uimm", 31 0, L_0x556c94a758e0;  1 drivers
v0x556c94a4f6b0_0 .net *"_ivl_101", 4 0, L_0x556c94a79270;  1 drivers
L_0x7ff3786172e8 .functor BUFT 1, C4<01101>, C4<0>, C4<0>, C4<0>;
v0x556c94a4f790_0 .net/2u *"_ivl_102", 4 0, L_0x7ff3786172e8;  1 drivers
v0x556c94a4f870_0 .net *"_ivl_107", 4 0, L_0x556c94a795e0;  1 drivers
L_0x7ff378617330 .functor BUFT 1, C4<00101>, C4<0>, C4<0>, C4<0>;
v0x556c94a4f950_0 .net/2u *"_ivl_108", 4 0, L_0x7ff378617330;  1 drivers
v0x556c94a4fa30_0 .net *"_ivl_11", 18 0, L_0x556c94a65770;  1 drivers
v0x556c94a4fb10_0 .net *"_ivl_113", 4 0, L_0x556c94a79960;  1 drivers
L_0x7ff378617378 .functor BUFT 1, C4<11000>, C4<0>, C4<0>, C4<0>;
v0x556c94a4fbf0_0 .net/2u *"_ivl_114", 4 0, L_0x7ff378617378;  1 drivers
L_0x7ff378617060 .functor BUFT 1, C4<000000000000>, C4<0>, C4<0>, C4<0>;
v0x556c94a4fcd0_0 .net/2u *"_ivl_12", 11 0, L_0x7ff378617060;  1 drivers
v0x556c94a4fdb0_0 .net *"_ivl_122", 0 0, L_0x556c94a79e00;  1 drivers
L_0x7ff3786173c0 .functor BUFT 1, C4<1>, C4<0>, C4<0>, C4<0>;
v0x556c94a4fe90_0 .net/2u *"_ivl_130", 0 0, L_0x7ff3786173c0;  1 drivers
v0x556c94a4ff70_0 .net *"_ivl_132", 31 0, L_0x556c94a7a300;  1 drivers
v0x556c94a50050_0 .net *"_ivl_134", 32 0, L_0x556c94a7a470;  1 drivers
L_0x7ff378617408 .functor BUFT 1, C4<0>, C4<0>, C4<0>, C4<0>;
v0x556c94a50130_0 .net/2u *"_ivl_136", 0 0, L_0x7ff378617408;  1 drivers
v0x556c94a50210_0 .net *"_ivl_138", 32 0, L_0x556c94a7a780;  1 drivers
v0x556c94a502f0_0 .net *"_ivl_140", 32 0, L_0x556c94a7a870;  1 drivers
L_0x7ff378617450 .functor BUFT 1, C4<000000000000000000000000000000001>, C4<0>, C4<0>, C4<0>;
v0x556c94a503d0_0 .net/2u *"_ivl_142", 32 0, L_0x7ff378617450;  1 drivers
v0x556c94a504b0_0 .net *"_ivl_147", 0 0, L_0x556c94a7ad40;  1 drivers
v0x556c94a50590_0 .net *"_ivl_149", 0 0, L_0x556c94a7afa0;  1 drivers
v0x556c94a50670_0 .net *"_ivl_150", 0 0, L_0x556c94a7a910;  1 drivers
v0x556c94a50750_0 .net *"_ivl_153", 0 0, L_0x556c94a7b070;  1 drivers
v0x556c94a50830_0 .net *"_ivl_155", 0 0, L_0x556c94a7b2e0;  1 drivers
v0x556c94a50910_0 .net *"_ivl_161", 31 0, L_0x556c94a7b7e0;  1 drivers
L_0x7ff378617498 .functor BUFT 1, C4<00000000000000000000000000000000>, C4<0>, C4<0>, C4<0>;
v0x556c94a509f0_0 .net/2u *"_ivl_162", 31 0, L_0x7ff378617498;  1 drivers
v0x556c94a50ad0_0 .net *"_ivl_167", 0 0, L_0x556c94a7bc20;  1 drivers
v0x556c94a50bb0_0 .net *"_ivl_169", 0 0, L_0x556c94a7bf10;  1 drivers
v0x556c94a50c90_0 .net *"_ivl_17", 0 0, L_0x556c94a75ac0;  1 drivers
v0x556c94a50d70_0 .net *"_ivl_171", 0 0, L_0x556c94a7bfb0;  1 drivers
v0x556c94a50e50_0 .net *"_ivl_172", 0 0, L_0x556c94a7c260;  1 drivers
v0x556c94a50f30_0 .net *"_ivl_175", 31 0, L_0x556c94a7c3e0;  1 drivers
v0x556c94a51010_0 .net *"_ivl_176", 31 0, L_0x556c94a7c480;  1 drivers
L_0x7ff3786174e0 .functor BUFT 1, C4<00000000000000000000000000000000>, C4<0>, C4<0>, C4<0>;
v0x556c94a510f0_0 .net/2u *"_ivl_178", 31 0, L_0x7ff3786174e0;  1 drivers
v0x556c94a511d0_0 .net *"_ivl_18", 20 0, L_0x556c94a75b60;  1 drivers
v0x556c94a512b0_0 .net *"_ivl_180", 31 0, L_0x556c94a7c830;  1 drivers
v0x556c94a51390_0 .net *"_ivl_183", 0 0, L_0x556c94a7c9c0;  1 drivers
L_0x7ff378617528 .functor BUFT 1, C4<0000000000000000000000000000000>, C4<0>, C4<0>, C4<0>;
v0x556c94a51470_0 .net/2u *"_ivl_184", 30 0, L_0x7ff378617528;  1 drivers
v0x556c94a51550_0 .net *"_ivl_186", 31 0, L_0x556c94a7cc90;  1 drivers
L_0x7ff378617570 .functor BUFT 1, C4<00000000000000000000000000000000>, C4<0>, C4<0>, C4<0>;
v0x556c94a51630_0 .net/2u *"_ivl_188", 31 0, L_0x7ff378617570;  1 drivers
v0x556c94a51710_0 .net *"_ivl_190", 31 0, L_0x556c94a7cdd0;  1 drivers
v0x556c94a517f0_0 .net *"_ivl_192", 31 0, L_0x556c94a7d1a0;  1 drivers
v0x556c94a518d0_0 .net *"_ivl_195", 0 0, L_0x556c94a7d2b0;  1 drivers
L_0x7ff3786175b8 .functor BUFT 1, C4<0000000000000000000000000000000>, C4<0>, C4<0>, C4<0>;
v0x556c94a519b0_0 .net/2u *"_ivl_196", 30 0, L_0x7ff3786175b8;  1 drivers
v0x556c94a51a90_0 .net *"_ivl_198", 31 0, L_0x556c94a7d350;  1 drivers
L_0x7ff378617018 .functor BUFT 1, C4<00000001>, C4<0>, C4<0>, C4<0>;
v0x556c94a51b70_0 .net/2u *"_ivl_2", 7 0, L_0x7ff378617018;  1 drivers
L_0x7ff378617600 .functor BUFT 1, C4<00000000000000000000000000000000>, C4<0>, C4<0>, C4<0>;
v0x556c94a51c50_0 .net/2u *"_ivl_200", 31 0, L_0x7ff378617600;  1 drivers
v0x556c94a51d30_0 .net *"_ivl_202", 31 0, L_0x556c94a7d690;  1 drivers
v0x556c94a51e10_0 .net *"_ivl_204", 31 0, L_0x556c94a7d820;  1 drivers
v0x556c94a51ef0_0 .net *"_ivl_207", 0 0, L_0x556c94a7d980;  1 drivers
v0x556c94a51fd0_0 .net *"_ivl_208", 31 0, L_0x556c94a7dc80;  1 drivers
v0x556c94a520b0_0 .net *"_ivl_21", 10 0, L_0x556c94a76050;  1 drivers
L_0x7ff378617648 .functor BUFT 1, C4<00000000000000000000000000000000>, C4<0>, C4<0>, C4<0>;
v0x556c94a525a0_0 .net/2u *"_ivl_210", 31 0, L_0x7ff378617648;  1 drivers
v0x556c94a52680_0 .net *"_ivl_212", 31 0, L_0x556c94a7dcf0;  1 drivers
v0x556c94a52760_0 .net *"_ivl_214", 31 0, L_0x556c94a7de80;  1 drivers
v0x556c94a52840_0 .net *"_ivl_217", 0 0, L_0x556c94a7dff0;  1 drivers
v0x556c94a52920_0 .net *"_ivl_218", 31 0, L_0x556c94a7e300;  1 drivers
L_0x7ff378617690 .functor BUFT 1, C4<00000000000000000000000000000000>, C4<0>, C4<0>, C4<0>;
v0x556c94a52a00_0 .net/2u *"_ivl_220", 31 0, L_0x7ff378617690;  1 drivers
v0x556c94a52ae0_0 .net *"_ivl_222", 31 0, L_0x556c94a7e370;  1 drivers
v0x556c94a52bc0_0 .net *"_ivl_224", 31 0, L_0x556c94a7e4b0;  1 drivers
v0x556c94a52ca0_0 .net *"_ivl_227", 0 0, L_0x556c94a7e630;  1 drivers
v0x556c94a52d80_0 .net *"_ivl_228", 31 0, L_0x556c94a7e950;  1 drivers
L_0x7ff3786176d8 .functor BUFT 1, C4<00000000000000000000000000000000>, C4<0>, C4<0>, C4<0>;
v0x556c94a52e60_0 .net/2u *"_ivl_230", 31 0, L_0x7ff3786176d8;  1 drivers
v0x556c94a52f40_0 .net *"_ivl_232", 31 0, L_0x556c94a7e9c0;  1 drivers
v0x556c94a53020_0 .net *"_ivl_234", 31 0, L_0x556c94a7eb50;  1 drivers
L_0x7ff378617720 .functor BUFT 1, C4<00000000000000000000000000000000>, C4<0>, C4<0>, C4<0>;
v0x556c94a53100_0 .net/2u *"_ivl_236", 31 0, L_0x7ff378617720;  1 drivers
v0x556c94a531e0_0 .net *"_ivl_238", 31 0, L_0x556c94a7ece0;  1 drivers
v0x556c94a532c0_0 .net *"_ivl_243", 0 0, L_0x556c94a7f100;  1 drivers
v0x556c94a533a0_0 .net *"_ivl_245", 0 0, L_0x556c94a7f2b0;  1 drivers
v0x556c94a53480_0 .net *"_ivl_249", 0 0, L_0x556c94a7f7e0;  1 drivers
v0x556c94a53560_0 .net *"_ivl_25", 0 0, L_0x556c94a76240;  1 drivers
v0x556c94a53640_0 .net *"_ivl_250", 0 0, L_0x556c94a7f880;  1 drivers
v0x556c94a53720_0 .net *"_ivl_253", 0 0, L_0x556c94a7f990;  1 drivers
v0x556c94a53800_0 .net *"_ivl_255", 0 0, L_0x556c94a7fce0;  1 drivers
v0x556c94a538c0_0 .net *"_ivl_256", 0 0, L_0x556c94a7fd80;  1 drivers
v0x556c94a539a0_0 .net *"_ivl_258", 0 0, L_0x556c94a7ff30;  1 drivers
v0x556c94a53a80_0 .net *"_ivl_26", 20 0, L_0x556c94a762e0;  1 drivers
v0x556c94a53b60_0 .net *"_ivl_261", 0 0, L_0x556c94a80040;  1 drivers
v0x556c94a53c40_0 .net *"_ivl_262", 0 0, L_0x556c94a803a0;  1 drivers
v0x556c94a53d20_0 .net *"_ivl_264", 0 0, L_0x556c94a80510;  1 drivers
v0x556c94a53e00_0 .net *"_ivl_267", 0 0, L_0x556c94a7fe90;  1 drivers
v0x556c94a53ee0_0 .net *"_ivl_269", 0 0, L_0x556c94a80620;  1 drivers
v0x556c94a53fa0_0 .net *"_ivl_270", 0 0, L_0x556c94a80990;  1 drivers
v0x556c94a54080_0 .net *"_ivl_272", 0 0, L_0x556c94a80b10;  1 drivers
v0x556c94a54160_0 .net *"_ivl_275", 0 0, L_0x556c94a80c20;  1 drivers
v0x556c94a54240_0 .net *"_ivl_276", 0 0, L_0x556c94a80cc0;  1 drivers
v0x556c94a54320_0 .net *"_ivl_278", 0 0, L_0x556c94a80e50;  1 drivers
v0x556c94a54400_0 .net *"_ivl_281", 0 0, L_0x556c94a80f60;  1 drivers
v0x556c94a544e0_0 .net *"_ivl_283", 0 0, L_0x556c94a812e0;  1 drivers
v0x556c94a545a0_0 .net *"_ivl_284", 0 0, L_0x556c94a81380;  1 drivers
L_0x7ff378617768 .functor BUFT 1, C4<00000000000000000000000000000100>, C4<0>, C4<0>, C4<0>;
v0x556c94a54680_0 .net/2u *"_ivl_288", 31 0, L_0x7ff378617768;  1 drivers
v0x556c94a54760_0 .net *"_ivl_29", 5 0, L_0x556c94a766c0;  1 drivers
v0x556c94a54840_0 .net *"_ivl_293", 0 0, L_0x556c94a81a80;  1 drivers
v0x556c94a54920_0 .net *"_ivl_295", 0 0, L_0x556c94a81b20;  1 drivers
v0x556c94a54a00_0 .net *"_ivl_296", 31 0, L_0x556c94a81ec0;  1 drivers
v0x556c94a54ae0_0 .net *"_ivl_298", 31 0, L_0x556c94a82050;  1 drivers
v0x556c94a54bc0_0 .net *"_ivl_303", 0 0, L_0x556c94a82630;  1 drivers
v0x556c94a54ca0_0 .net *"_ivl_304", 31 0, L_0x556c94a829f0;  1 drivers
v0x556c94a54d80_0 .net *"_ivl_309", 0 0, L_0x556c94a82fa0;  1 drivers
v0x556c94a54e60_0 .net *"_ivl_31", 4 0, L_0x556c94a76760;  1 drivers
v0x556c94a54f40_0 .net *"_ivl_311", 0 0, L_0x556c94a83040;  1 drivers
v0x556c94a55020_0 .net *"_ivl_312", 0 0, L_0x556c94a816d0;  1 drivers
L_0x7ff3786177b0 .functor BUFT 1, C4<00000000000000000000000000000000>, C4<0>, C4<0>, C4<0>;
v0x556c94a55100_0 .net/2u *"_ivl_316", 31 0, L_0x7ff3786177b0;  1 drivers
v0x556c94a551e0_0 .net *"_ivl_318", 31 0, L_0x556c94a83740;  1 drivers
L_0x7ff3786177f8 .functor BUFT 1, C4<00000000000000000000000000000000>, C4<0>, C4<0>, C4<0>;
v0x556c94a552c0_0 .net/2u *"_ivl_320", 31 0, L_0x7ff3786177f8;  1 drivers
v0x556c94a553a0_0 .net *"_ivl_322", 31 0, L_0x556c94a83bd0;  1 drivers
v0x556c94a55480_0 .net *"_ivl_324", 31 0, L_0x556c94a83d10;  1 drivers
L_0x7ff378617840 .functor BUFT 1, C4<00000000000000000000000000000000>, C4<0>, C4<0>, C4<0>;
v0x556c94a55560_0 .net/2u *"_ivl_326", 31 0, L_0x7ff378617840;  1 drivers
v0x556c94a55640_0 .net *"_ivl_328", 31 0, L_0x556c94a83e20;  1 drivers
v0x556c94a55720_0 .net *"_ivl_330", 31 0, L_0x556c94a84310;  1 drivers
L_0x7ff378617888 .functor BUFT 1, C4<00000000000000000000000000000000>, C4<0>, C4<0>, C4<0>;
v0x556c94a55800_0 .net/2u *"_ivl_332", 31 0, L_0x7ff378617888;  1 drivers
v0x556c94a558e0_0 .net *"_ivl_334", 31 0, L_0x556c94a84520;  1 drivers
v0x556c94a559c0_0 .net *"_ivl_336", 31 0, L_0x556c94a846b0;  1 drivers
v0x556c94a55aa0_0 .net *"_ivl_338", 0 0, L_0x556c94a847c0;  1 drivers
L_0x7ff3786178d0 .functor BUFT 1, C4<00000000000000000000000000000000>, C4<0>, C4<0>, C4<0>;
v0x556c94a55b80_0 .net/2u *"_ivl_340", 31 0, L_0x7ff3786178d0;  1 drivers
v0x556c94a55c60_0 .net *"_ivl_342", 31 0, L_0x556c94a849e0;  1 drivers
v0x556c94a56550_0 .net *"_ivl_344", 31 0, L_0x556c94a84ee0;  1 drivers
L_0x7ff378617918 .functor BUFT 1, C4<00000000000000000000000000000000>, C4<0>, C4<0>, C4<0>;
v0x556c94a56630_0 .net/2u *"_ivl_346", 31 0, L_0x7ff378617918;  1 drivers
v0x556c94a56710_0 .net *"_ivl_348", 31 0, L_0x556c94a84ff0;  1 drivers
v0x556c94a567f0_0 .net *"_ivl_35", 0 0, L_0x556c94a76a20;  1 drivers
v0x556c94a568d0_0 .net *"_ivl_353", 1 0, L_0x556c94a85360;  1 drivers
L_0x7ff378617960 .functor BUFT 1, C4<00>, C4<0>, C4<0>, C4<0>;
v0x556c94a569b0_0 .net/2u *"_ivl_354", 1 0, L_0x7ff378617960;  1 drivers
v0x556c94a56a90_0 .net *"_ivl_359", 1 0, L_0x556c94a858c0;  1 drivers
v0x556c94a56b70_0 .net *"_ivl_36", 19 0, L_0x556c94a76b50;  1 drivers
L_0x7ff3786179a8 .functor BUFT 1, C4<01>, C4<0>, C4<0>, C4<0>;
v0x556c94a56c50_0 .net/2u *"_ivl_360", 1 0, L_0x7ff3786179a8;  1 drivers
v0x556c94a56d30_0 .net *"_ivl_365", 0 0, L_0x556c94a85e30;  1 drivers
v0x556c94a56e10_0 .net *"_ivl_367", 0 0, L_0x556c94a86270;  1 drivers
v0x556c94a56ed0_0 .net *"_ivl_369", 0 0, L_0x556c94a86360;  1 drivers
v0x556c94a56fb0_0 .net *"_ivl_371", 0 0, L_0x556c94a867b0;  1 drivers
v0x556c94a57090_0 .net *"_ivl_372", 0 0, L_0x556c94a86850;  1 drivers
v0x556c94a57170_0 .net *"_ivl_376", 23 0, L_0x556c94a86eb0;  1 drivers
v0x556c94a57250_0 .net *"_ivl_378", 31 0, L_0x556c94a86fa0;  1 drivers
v0x556c94a57330_0 .net *"_ivl_380", 15 0, L_0x556c94a87460;  1 drivers
v0x556c94a57410_0 .net *"_ivl_382", 31 0, L_0x556c94a87910;  1 drivers
v0x556c94a574f0_0 .net *"_ivl_384", 31 0, L_0x556c94a87e30;  1 drivers
v0x556c94a575d0_0 .net *"_ivl_389", 0 0, L_0x556c94a88540;  1 drivers
v0x556c94a576b0_0 .net *"_ivl_39", 0 0, L_0x556c94a77010;  1 drivers
v0x556c94a57790_0 .net *"_ivl_391", 15 0, L_0x556c94a885e0;  1 drivers
v0x556c94a57870_0 .net *"_ivl_393", 15 0, L_0x556c94a88a80;  1 drivers
v0x556c94a57950_0 .net *"_ivl_397", 0 0, L_0x556c94a89100;  1 drivers
v0x556c94a57a30_0 .net *"_ivl_399", 7 0, L_0x556c94a89230;  1 drivers
v0x556c94a57b10_0 .net *"_ivl_401", 7 0, L_0x556c94a89780;  1 drivers
v0x556c94a57bf0_0 .net *"_ivl_407", 7 0, L_0x556c94a893b0;  1 drivers
v0x556c94a57cd0_0 .net *"_ivl_41", 5 0, L_0x556c94a77150;  1 drivers
v0x556c94a57db0_0 .net *"_ivl_411", 0 0, L_0x556c94a894a0;  1 drivers
v0x556c94a57e90_0 .net *"_ivl_413", 7 0, L_0x556c94a89540;  1 drivers
v0x556c94a57f70_0 .net *"_ivl_415", 7 0, L_0x556c94a895e0;  1 drivers
v0x556c94a58050_0 .net *"_ivl_416", 7 0, L_0x556c94a89d10;  1 drivers
v0x556c94a58130_0 .net *"_ivl_421", 0 0, L_0x556c94a89e00;  1 drivers
v0x556c94a58210_0 .net *"_ivl_423", 7 0, L_0x556c94a898c0;  1 drivers
v0x556c94a582f0_0 .net *"_ivl_425", 7 0, L_0x556c94a89960;  1 drivers
v0x556c94a583d0_0 .net *"_ivl_426", 7 0, L_0x556c94a89a00;  1 drivers
v0x556c94a584b0_0 .net *"_ivl_43", 3 0, L_0x556c94a771f0;  1 drivers
v0x556c94a58590_0 .net *"_ivl_432", 0 0, L_0x556c94a89ea0;  1 drivers
v0x556c94a58670_0 .net *"_ivl_434", 7 0, L_0x556c94a89f40;  1 drivers
v0x556c94a58750_0 .net *"_ivl_436", 0 0, L_0x556c94a89fe0;  1 drivers
v0x556c94a58830_0 .net *"_ivl_438", 7 0, L_0x556c94a8a080;  1 drivers
L_0x7ff3786170a8 .functor BUFT 1, C4<0>, C4<0>, C4<0>, C4<0>;
v0x556c94a58910_0 .net/2u *"_ivl_44", 0 0, L_0x7ff3786170a8;  1 drivers
v0x556c94a589f0_0 .net *"_ivl_440", 7 0, L_0x556c94a8a120;  1 drivers
v0x556c94a58ad0_0 .net *"_ivl_441", 7 0, L_0x556c94a8a1c0;  1 drivers
v0x556c94a58bb0_0 .net *"_ivl_443", 7 0, L_0x556c94a8a860;  1 drivers
v0x556c94a58c90_0 .net *"_ivl_446", 0 0, L_0x556c94a8aa40;  1 drivers
v0x556c94a58d70_0 .net *"_ivl_448", 0 0, L_0x556c94a8a360;  1 drivers
L_0x7ff3786179f0 .functor BUFT 1, C4<1000>, C4<0>, C4<0>, C4<0>;
v0x556c94a58e50_0 .net/2u *"_ivl_449", 3 0, L_0x7ff3786179f0;  1 drivers
L_0x7ff378617a38 .functor BUFT 1, C4<0100>, C4<0>, C4<0>, C4<0>;
v0x556c94a58f30_0 .net/2u *"_ivl_451", 3 0, L_0x7ff378617a38;  1 drivers
v0x556c94a59010_0 .net *"_ivl_453", 3 0, L_0x556c94a8a400;  1 drivers
v0x556c94a590f0_0 .net *"_ivl_456", 0 0, L_0x556c94a8a590;  1 drivers
L_0x7ff378617a80 .functor BUFT 1, C4<0010>, C4<0>, C4<0>, C4<0>;
v0x556c94a591d0_0 .net/2u *"_ivl_457", 3 0, L_0x7ff378617a80;  1 drivers
L_0x7ff378617ac8 .functor BUFT 1, C4<0001>, C4<0>, C4<0>, C4<0>;
v0x556c94a592b0_0 .net/2u *"_ivl_459", 3 0, L_0x7ff378617ac8;  1 drivers
v0x556c94a59390_0 .net *"_ivl_461", 3 0, L_0x556c94a8a630;  1 drivers
v0x556c94a59470_0 .net *"_ivl_463", 3 0, L_0x556c94a8afc0;  1 drivers
v0x556c94a59550_0 .net *"_ivl_466", 0 0, L_0x556c94a8b100;  1 drivers
L_0x7ff378617b10 .functor BUFT 1, C4<1100>, C4<0>, C4<0>, C4<0>;
v0x556c94a59630_0 .net/2u *"_ivl_467", 3 0, L_0x7ff378617b10;  1 drivers
L_0x7ff378617b58 .functor BUFT 1, C4<0011>, C4<0>, C4<0>, C4<0>;
v0x556c94a59710_0 .net/2u *"_ivl_469", 3 0, L_0x7ff378617b58;  1 drivers
v0x556c94a597f0_0 .net *"_ivl_471", 3 0, L_0x556c94a8aae0;  1 drivers
L_0x7ff378617ba0 .functor BUFT 1, C4<1111>, C4<0>, C4<0>, C4<0>;
v0x556c94a598d0_0 .net/2u *"_ivl_473", 3 0, L_0x7ff378617ba0;  1 drivers
v0x556c94a599b0_0 .net *"_ivl_475", 3 0, L_0x556c94a8ac70;  1 drivers
v0x556c94a59a90_0 .net *"_ivl_479", 0 0, L_0x556c94a8aea0;  1 drivers
v0x556c94a59b70_0 .net *"_ivl_481", 0 0, L_0x556c94a85240;  1 drivers
v0x556c94a59c50_0 .net *"_ivl_484", 0 0, L_0x556c94a8b7d0;  1 drivers
v0x556c94a59d30_0 .net *"_ivl_486", 0 0, L_0x556c94a8b1a0;  1 drivers
v0x556c94a59e10_0 .net *"_ivl_487", 0 0, L_0x556c94a8b240;  1 drivers
v0x556c94a59ef0_0 .net *"_ivl_49", 0 0, L_0x556c94a77540;  1 drivers
v0x556c94a59fd0_0 .net *"_ivl_492", 0 0, L_0x556c94a8b550;  1 drivers
v0x556c94a5a0b0_0 .net *"_ivl_493", 0 0, L_0x556c94a8b5f0;  1 drivers
v0x556c94a5a190_0 .net *"_ivl_496", 0 0, L_0x556c94a8bee0;  1 drivers
v0x556c94a5a270_0 .net *"_ivl_5", 2 0, L_0x556c94a65440;  1 drivers
v0x556c94a5a350_0 .net *"_ivl_50", 11 0, L_0x556c94a776a0;  1 drivers
v0x556c94a5a430_0 .net *"_ivl_500", 0 0, L_0x556c94a8c040;  1 drivers
v0x556c94a5a510_0 .net *"_ivl_501", 0 0, L_0x556c94a8b870;  1 drivers
v0x556c94a5a5f0_0 .net *"_ivl_503", 3 0, L_0x556c94a8ba90;  1 drivers
v0x556c94a5a6d0_0 .net *"_ivl_508", 0 0, L_0x556c94a8bcd0;  1 drivers
v0x556c94a5a7b0_0 .net *"_ivl_511", 0 0, L_0x556c94a8c310;  1 drivers
v0x556c94a5a890_0 .net *"_ivl_515", 0 0, L_0x556c94a8cc60;  1 drivers
v0x556c94a5a970_0 .net *"_ivl_517", 0 0, L_0x556c94a8cdf0;  1 drivers
v0x556c94a5aa50_0 .net *"_ivl_53", 7 0, L_0x556c94a77790;  1 drivers
v0x556c94a5ab30_0 .net *"_ivl_55", 0 0, L_0x556c94a77900;  1 drivers
v0x556c94a5ac10_0 .net *"_ivl_57", 9 0, L_0x556c94a77bb0;  1 drivers
L_0x7ff3786170f0 .functor BUFT 1, C4<0>, C4<0>, C4<0>, C4<0>;
v0x556c94a5acf0_0 .net/2u *"_ivl_58", 0 0, L_0x7ff3786170f0;  1 drivers
v0x556c94a5add0_0 .net *"_ivl_63", 4 0, L_0x556c94a77f40;  1 drivers
L_0x7ff378617138 .functor BUFT 1, C4<00000>, C4<0>, C4<0>, C4<0>;
v0x556c94a5aeb0_0 .net/2u *"_ivl_64", 4 0, L_0x7ff378617138;  1 drivers
v0x556c94a5af90_0 .net *"_ivl_69", 4 0, L_0x556c94a78260;  1 drivers
L_0x7ff378617180 .functor BUFT 1, C4<00100>, C4<0>, C4<0>, C4<0>;
v0x556c94a5b070_0 .net/2u *"_ivl_70", 4 0, L_0x7ff378617180;  1 drivers
v0x556c94a5b150_0 .net *"_ivl_75", 4 0, L_0x556c94a78540;  1 drivers
L_0x7ff3786171c8 .functor BUFT 1, C4<01000>, C4<0>, C4<0>, C4<0>;
v0x556c94a5b230_0 .net/2u *"_ivl_76", 4 0, L_0x7ff3786171c8;  1 drivers
v0x556c94a5b310_0 .net *"_ivl_81", 4 0, L_0x556c94a78830;  1 drivers
L_0x7ff378617210 .functor BUFT 1, C4<01100>, C4<0>, C4<0>, C4<0>;
v0x556c94a5b3f0_0 .net/2u *"_ivl_82", 4 0, L_0x7ff378617210;  1 drivers
v0x556c94a5b4d0_0 .net *"_ivl_87", 4 0, L_0x556c94a78b30;  1 drivers
L_0x7ff378617258 .functor BUFT 1, C4<11100>, C4<0>, C4<0>, C4<0>;
v0x556c94a5b5b0_0 .net/2u *"_ivl_88", 4 0, L_0x7ff378617258;  1 drivers
v0x556c94a5b690_0 .net *"_ivl_9", 0 0, L_0x556c94a656a0;  1 drivers
v0x556c94a5b770_0 .net *"_ivl_95", 4 0, L_0x556c94a78ee0;  1 drivers
L_0x7ff3786172a0 .functor BUFT 1, C4<11001>, C4<0>, C4<0>, C4<0>;
v0x556c94a5b850_0 .net/2u *"_ivl_96", 4 0, L_0x7ff3786172a0;  1 drivers
v0x556c94a5b930_0 .net "aluBusy", 0 0, L_0x556c94a7a000;  1 drivers
v0x556c94a5b9f0_0 .net "aluIn1", 31 0, L_0x556c94a79d90;  1 drivers
v0x556c94a5bad0_0 .net "aluIn2", 31 0, L_0x556c94a79ec0;  1 drivers
v0x556c94a5bbb0_0 .net "aluMinus", 32 0, L_0x556c94a7ac00;  1 drivers
v0x556c94a5bc90_0 .net "aluOut", 31 0, L_0x556c94a7e5c0;  1 drivers
v0x556c94a5bd70_0 .net "aluPlus", 31 0, L_0x556c94a7a260;  1 drivers
v0x556c94a5be50_0 .var "aluReg", 31 0;
v0x556c94a5bf30_0 .var "aluShamt", 4 0;
v0x556c94a5c010_0 .net "aluWr", 0 0, L_0x556c94a8c0e0;  1 drivers
v0x556c94a5c0d0_0 .net "clk", 0 0, v0x556c94a64e70_0;  alias, 1 drivers
v0x556c94a5c170_0 .var "cycles", 31 0;
v0x556c94a5c250_0 .net "funct3Is", 7 0, L_0x556c94a65560;  1 drivers
v0x556c94a5c330_0 .net "funct3IsShift", 0 0, L_0x556c94a7f5f0;  1 drivers
v0x556c94a5c3f0_0 .var "instr", 31 2;
v0x556c94a5c4d0_0 .net "isALU", 0 0, L_0x556c94990820;  1 drivers
v0x556c94a5c590_0 .net "isALUimm", 0 0, L_0x556c94a78400;  1 drivers
v0x556c94a5c650_0 .net "isALUreg", 0 0, L_0x556c94a789f0;  1 drivers
v0x556c94a5c710_0 .net "isAUIPC", 0 0, L_0x556c94a79680;  1 drivers
v0x556c94a5c7d0_0 .net "isBranch", 0 0, L_0x556c94a79a00;  1 drivers
v0x556c94a5c890_0 .net "isJAL", 0 0, L_0x556c94a78d00;  1 drivers
v0x556c94a5c950_0 .net "isJALR", 0 0, L_0x556c94a78fb0;  1 drivers
v0x556c94a5ca10_0 .net "isLUI", 0 0, L_0x556c94a79310;  1 drivers
v0x556c94a5cad0_0 .net "isLoad", 0 0, L_0x556c94a78120;  1 drivers
v0x556c94a5cb90_0 .net "isSYSTEM", 0 0, L_0x556c94a788d0;  1 drivers
v0x556c94a5cc50_0 .net "isStore", 0 0, L_0x556c94a786f0;  1 drivers
v0x556c94a5cd10_0 .net "jumpToPCplusImm", 0 0, L_0x556c94a8c380;  1 drivers
v0x556c94a5cdd0_0 .net "loadstore_addr", 31 0, L_0x556c94a82b30;  1 drivers
v0x556c94a5ceb0_0 .net "mem_addr", 31 0, L_0x556c94a83600;  alias, 1 drivers
v0x556c94a5cfc0_0 .net "mem_byteAccess", 0 0, L_0x556c94a85780;  1 drivers
v0x556c94a5d080_0 .net "mem_halfwordAccess", 0 0, L_0x556c94a85cf0;  1 drivers
L_0x7ff378617be8 .functor BUFT 1, C4<0>, C4<0>, C4<0>, C4<0>;
v0x556c94a5d140_0 .net "mem_rbusy", 0 0, L_0x7ff378617be8;  1 drivers
v0x556c94a5d200_0 .net "mem_rdata", 31 0, v0x556c94a64860_0;  1 drivers
v0x556c94a55d40_0 .net "mem_rstrb", 0 0, L_0x556c94a8bf80;  alias, 1 drivers
L_0x7ff378617c30 .functor BUFT 1, C4<0>, C4<0>, C4<0>, C4<0>;
v0x556c94a55e00_0 .net "mem_wbusy", 0 0, L_0x7ff378617c30;  1 drivers
v0x556c94a55ec0_0 .net "mem_wdata", 31 0, L_0x556c94a89b90;  alias, 1 drivers
v0x556c94a55fd0_0 .net "mem_wmask", 3 0, L_0x556c94a8bc10;  alias, 1 drivers
v0x556c94a56090_0 .net "needToWait", 0 0, L_0x556c94a8cef0;  1 drivers
v0x556c94a56130_0 .net "predicate", 0 0, L_0x556c94a81520;  1 drivers
v0x556c94a561f0_0 .net "rdId", 4 0, L_0x556c94a65340;  1 drivers
v0x556c94a562d0 .array "registerFile", 0 31, 31 0;
v0x556c94a563d0_0 .net "reset", 0 0, v0x556c94a64f30_0;  alias, 1 drivers
v0x556c94a56470_0 .var "rs1", 31 0;
v0x556c94a5e2f0_0 .var "rs2", 31 0;
v0x556c94a5e3d0_0 .var "state", 3 0;
v0x556c94a5e4d0_0 .net "writeBack", 0 0, L_0x556c94a8b440;  1 drivers
v0x556c94a5e590_0 .net "writeBackData", 31 0, L_0x556c94a85130;  1 drivers
L_0x556c94a65340 .part v0x556c94a5c3f0_0, 5, 5;
L_0x556c94a65440 .part v0x556c94a5c3f0_0, 10, 3;
L_0x556c94a65560 .shift/l 8, L_0x7ff378617018, L_0x556c94a65440;
L_0x556c94a656a0 .part v0x556c94a5c3f0_0, 29, 1;
L_0x556c94a65770 .part v0x556c94a5c3f0_0, 10, 19;
L_0x556c94a758e0 .concat [ 12 19 1 0], L_0x7ff378617060, L_0x556c94a65770, L_0x556c94a656a0;
L_0x556c94a75ac0 .part v0x556c94a5c3f0_0, 29, 1;
LS_0x556c94a75b60_0_0 .concat [ 1 1 1 1], L_0x556c94a75ac0, L_0x556c94a75ac0, L_0x556c94a75ac0, L_0x556c94a75ac0;
LS_0x556c94a75b60_0_4 .concat [ 1 1 1 1], L_0x556c94a75ac0, L_0x556c94a75ac0, L_0x556c94a75ac0, L_0x556c94a75ac0;
LS_0x556c94a75b60_0_8 .concat [ 1 1 1 1], L_0x556c94a75ac0, L_0x556c94a75ac0, L_0x556c94a75ac0, L_0x556c94a75ac0;
LS_0x556c94a75b60_0_12 .concat [ 1 1 1 1], L_0x556c94a75ac0, L_0x556c94a75ac0, L_0x556c94a75ac0, L_0x556c94a75ac0;
LS_0x556c94a75b60_0_16 .concat [ 1 1 1 1], L_0x556c94a75ac0, L_0x556c94a75ac0, L_0x556c94a75ac0, L_0x556c94a75ac0;
LS_0x556c94a75b60_0_20 .concat [ 1 0 0 0], L_0x556c94a75ac0;
LS_0x556c94a75b60_1_0 .concat [ 4 4 4 4], LS_0x556c94a75b60_0_0, LS_0x556c94a75b60_0_4, LS_0x556c94a75b60_0_8, LS_0x556c94a75b60_0_12;
LS_0x556c94a75b60_1_4 .concat [ 4 1 0 0], LS_0x556c94a75b60_0_16, LS_0x556c94a75b60_0_20;
L_0x556c94a75b60 .concat [ 16 5 0 0], LS_0x556c94a75b60_1_0, LS_0x556c94a75b60_1_4;
L_0x556c94a76050 .part v0x556c94a5c3f0_0, 18, 11;
L_0x556c94a760f0 .concat [ 11 21 0 0], L_0x556c94a76050, L_0x556c94a75b60;
L_0x556c94a76240 .part v0x556c94a5c3f0_0, 29, 1;
LS_0x556c94a762e0_0_0 .concat [ 1 1 1 1], L_0x556c94a76240, L_0x556c94a76240, L_0x556c94a76240, L_0x556c94a76240;
LS_0x556c94a762e0_0_4 .concat [ 1 1 1 1], L_0x556c94a76240, L_0x556c94a76240, L_0x556c94a76240, L_0x556c94a76240;
LS_0x556c94a762e0_0_8 .concat [ 1 1 1 1], L_0x556c94a76240, L_0x556c94a76240, L_0x556c94a76240, L_0x556c94a76240;
LS_0x556c94a762e0_0_12 .concat [ 1 1 1 1], L_0x556c94a76240, L_0x556c94a76240, L_0x556c94a76240, L_0x556c94a76240;
LS_0x556c94a762e0_0_16 .concat [ 1 1 1 1], L_0x556c94a76240, L_0x556c94a76240, L_0x556c94a76240, L_0x556c94a76240;
LS_0x556c94a762e0_0_20 .concat [ 1 0 0 0], L_0x556c94a76240;
LS_0x556c94a762e0_1_0 .concat [ 4 4 4 4], LS_0x556c94a762e0_0_0, LS_0x556c94a762e0_0_4, LS_0x556c94a762e0_0_8, LS_0x556c94a762e0_0_12;
LS_0x556c94a762e0_1_4 .concat [ 4 1 0 0], LS_0x556c94a762e0_0_16, LS_0x556c94a762e0_0_20;
L_0x556c94a762e0 .concat [ 16 5 0 0], LS_0x556c94a762e0_1_0, LS_0x556c94a762e0_1_4;
L_0x556c94a766c0 .part v0x556c94a5c3f0_0, 23, 6;
L_0x556c94a76760 .part v0x556c94a5c3f0_0, 5, 5;
L_0x556c94a76880 .concat [ 5 6 21 0], L_0x556c94a76760, L_0x556c94a766c0, L_0x556c94a762e0;
L_0x556c94a76a20 .part v0x556c94a5c3f0_0, 29, 1;
LS_0x556c94a76b50_0_0 .concat [ 1 1 1 1], L_0x556c94a76a20, L_0x556c94a76a20, L_0x556c94a76a20, L_0x556c94a76a20;
LS_0x556c94a76b50_0_4 .concat [ 1 1 1 1], L_0x556c94a76a20, L_0x556c94a76a20, L_0x556c94a76a20, L_0x556c94a76a20;
LS_0x556c94a76b50_0_8 .concat [ 1 1 1 1], L_0x556c94a76a20, L_0x556c94a76a20, L_0x556c94a76a20, L_0x556c94a76a20;
LS_0x556c94a76b50_0_12 .concat [ 1 1 1 1], L_0x556c94a76a20, L_0x556c94a76a20, L_0x556c94a76a20, L_0x556c94a76a20;
LS_0x556c94a76b50_0_16 .concat [ 1 1 1 1], L_0x556c94a76a20, L_0x556c94a76a20, L_0x556c94a76a20, L_0x556c94a76a20;
LS_0x556c94a76b50_1_0 .concat [ 4 4 4 4], LS_0x556c94a76b50_0_0, LS_0x556c94a76b50_0_4, LS_0x556c94a76b50_0_8, LS_0x556c94a76b50_0_12;
LS_0x556c94a76b50_1_4 .concat [ 4 0 0 0], LS_0x556c94a76b50_0_16;
L_0x556c94a76b50 .concat [ 16 4 0 0], LS_0x556c94a76b50_1_0, LS_0x556c94a76b50_1_4;
L_0x556c94a77010 .part v0x556c94a5c3f0_0, 5, 1;
L_0x556c94a77150 .part v0x556c94a5c3f0_0, 23, 6;
L_0x556c94a771f0 .part v0x556c94a5c3f0_0, 6, 4;
LS_0x556c94a770b0_0_0 .concat [ 1 4 6 1], L_0x7ff3786170a8, L_0x556c94a771f0, L_0x556c94a77150, L_0x556c94a77010;
LS_0x556c94a770b0_0_4 .concat [ 20 0 0 0], L_0x556c94a76b50;
L_0x556c94a770b0 .concat [ 12 20 0 0], LS_0x556c94a770b0_0_0, LS_0x556c94a770b0_0_4;
L_0x556c94a77540 .part v0x556c94a5c3f0_0, 29, 1;
LS_0x556c94a776a0_0_0 .concat [ 1 1 1 1], L_0x556c94a77540, L_0x556c94a77540, L_0x556c94a77540, L_0x556c94a77540;
LS_0x556c94a776a0_0_4 .concat [ 1 1 1 1], L_0x556c94a77540, L_0x556c94a77540, L_0x556c94a77540, L_0x556c94a77540;
LS_0x556c94a776a0_0_8 .concat [ 1 1 1 1], L_0x556c94a77540, L_0x556c94a77540, L_0x556c94a77540, L_0x556c94a77540;
L_0x556c94a776a0 .concat [ 4 4 4 0], LS_0x556c94a776a0_0_0, LS_0x556c94a776a0_0_4, LS_0x556c94a776a0_0_8;
L_0x556c94a77790 .part v0x556c94a5c3f0_0, 10, 8;
L_0x556c94a77900 .part v0x556c94a5c3f0_0, 18, 1;
L_0x556c94a77bb0 .part v0x556c94a5c3f0_0, 19, 10;
LS_0x556c94a77d30_0_0 .concat [ 1 10 1 8], L_0x7ff3786170f0, L_0x556c94a77bb0, L_0x556c94a77900, L_0x556c94a77790;
LS_0x556c94a77d30_0_4 .concat [ 12 0 0 0], L_0x556c94a776a0;
L_0x556c94a77d30 .concat [ 20 12 0 0], LS_0x556c94a77d30_0_0, LS_0x556c94a77d30_0_4;
L_0x556c94a77f40 .part v0x556c94a5c3f0_0, 0, 5;
L_0x556c94a78120 .cmp/eq 5, L_0x556c94a77f40, L_0x7ff378617138;
L_0x556c94a78260 .part v0x556c94a5c3f0_0, 0, 5;
L_0x556c94a78400 .cmp/eq 5, L_0x556c94a78260, L_0x7ff378617180;
L_0x556c94a78540 .part v0x556c94a5c3f0_0, 0, 5;
L_0x556c94a786f0 .cmp/eq 5, L_0x556c94a78540, L_0x7ff3786171c8;
L_0x556c94a78830 .part v0x556c94a5c3f0_0, 0, 5;
L_0x556c94a789f0 .cmp/eq 5, L_0x556c94a78830, L_0x7ff378617210;
L_0x556c94a78b30 .part v0x556c94a5c3f0_0, 0, 5;
L_0x556c94a788d0 .cmp/eq 5, L_0x556c94a78b30, L_0x7ff378617258;
L_0x556c94a78d00 .part v0x556c94a5c3f0_0, 1, 1;
L_0x556c94a78ee0 .part v0x556c94a5c3f0_0, 0, 5;
L_0x556c94a78fb0 .cmp/eq 5, L_0x556c94a78ee0, L_0x7ff3786172a0;
L_0x556c94a79270 .part v0x556c94a5c3f0_0, 0, 5;
L_0x556c94a79310 .cmp/eq 5, L_0x556c94a79270, L_0x7ff3786172e8;
L_0x556c94a795e0 .part v0x556c94a5c3f0_0, 0, 5;
L_0x556c94a79680 .cmp/eq 5, L_0x556c94a795e0, L_0x7ff378617330;
L_0x556c94a79960 .part v0x556c94a5c3f0_0, 0, 5;
L_0x556c94a79a00 .cmp/eq 5, L_0x556c94a79960, L_0x7ff378617378;
L_0x556c94a79ec0 .functor MUXZ 32, L_0x556c94a760f0, v0x556c94a5e2f0_0, L_0x556c94a79e00, C4<>;
L_0x556c94a7a000 .reduce/or v0x556c94a5bf30_0;
L_0x556c94a7a260 .arith/sum 32, L_0x556c94a79d90, L_0x556c94a79ec0;
L_0x556c94a7a470 .concat [ 32 1 0 0], L_0x556c94a7a300, L_0x7ff3786173c0;
L_0x556c94a7a780 .concat [ 32 1 0 0], L_0x556c94a79d90, L_0x7ff378617408;
L_0x556c94a7a870 .arith/sum 33, L_0x556c94a7a470, L_0x556c94a7a780;
L_0x556c94a7ac00 .arith/sum 33, L_0x556c94a7a870, L_0x7ff378617450;
L_0x556c94a7ad40 .part L_0x556c94a79d90, 31, 1;
L_0x556c94a7afa0 .part L_0x556c94a79ec0, 31, 1;
L_0x556c94a7b070 .part L_0x556c94a79d90, 31, 1;
L_0x556c94a7b2e0 .part L_0x556c94a7ac00, 32, 1;
L_0x556c94a7b3d0 .functor MUXZ 1, L_0x556c94a7b2e0, L_0x556c94a7b070, L_0x556c94a7a910, C4<>;
L_0x556c94a7b740 .part L_0x556c94a7ac00, 32, 1;
L_0x556c94a7b7e0 .part L_0x556c94a7ac00, 0, 32;
L_0x556c94a7bb00 .cmp/eq 32, L_0x556c94a7b7e0, L_0x7ff378617498;
L_0x556c94a7bc20 .part L_0x556c94a65560, 0, 1;
L_0x556c94a7bf10 .part v0x556c94a5c3f0_0, 28, 1;
L_0x556c94a7bfb0 .part v0x556c94a5c3f0_0, 3, 1;
L_0x556c94a7c3e0 .part L_0x556c94a7ac00, 0, 32;
L_0x556c94a7c480 .functor MUXZ 32, L_0x556c94a7a260, L_0x556c94a7c3e0, L_0x556c94a7c260, C4<>;
L_0x556c94a7c830 .functor MUXZ 32, L_0x7ff3786174e0, L_0x556c94a7c480, L_0x556c94a7bc20, C4<>;
L_0x556c94a7c9c0 .part L_0x556c94a65560, 2, 1;
L_0x556c94a7cc90 .concat [ 1 31 0 0], L_0x556c94a7b3d0, L_0x7ff378617528;
L_0x556c94a7cdd0 .functor MUXZ 32, L_0x7ff378617570, L_0x556c94a7cc90, L_0x556c94a7c9c0, C4<>;
L_0x556c94a7d2b0 .part L_0x556c94a65560, 3, 1;
L_0x556c94a7d350 .concat [ 1 31 0 0], L_0x556c94a7b740, L_0x7ff3786175b8;
L_0x556c94a7d690 .functor MUXZ 32, L_0x7ff378617600, L_0x556c94a7d350, L_0x556c94a7d2b0, C4<>;
L_0x556c94a7d980 .part L_0x556c94a65560, 4, 1;
L_0x556c94a7dcf0 .functor MUXZ 32, L_0x7ff378617648, L_0x556c94a7dc80, L_0x556c94a7d980, C4<>;
L_0x556c94a7dff0 .part L_0x556c94a65560, 6, 1;
L_0x556c94a7e370 .functor MUXZ 32, L_0x7ff378617690, L_0x556c94a7e300, L_0x556c94a7dff0, C4<>;
L_0x556c94a7e630 .part L_0x556c94a65560, 7, 1;
L_0x556c94a7e9c0 .functor MUXZ 32, L_0x7ff3786176d8, L_0x556c94a7e950, L_0x556c94a7e630, C4<>;
L_0x556c94a7ece0 .functor MUXZ 32, L_0x7ff378617720, v0x556c94a5be50_0, L_0x556c94a7f5f0, C4<>;
L_0x556c94a7f100 .part L_0x556c94a65560, 1, 1;
L_0x556c94a7f2b0 .part L_0x556c94a65560, 5, 1;
L_0x556c94a7f7e0 .part L_0x556c94a65560, 0, 1;
L_0x556c94a7f990 .part L_0x556c94a65560, 1, 1;
L_0x556c94a7fce0 .reduce/nor L_0x556c94a7bb00;
L_0x556c94a80040 .part L_0x556c94a65560, 4, 1;
L_0x556c94a7fe90 .part L_0x556c94a65560, 5, 1;
L_0x556c94a80620 .reduce/nor L_0x556c94a7b3d0;
L_0x556c94a80c20 .part L_0x556c94a65560, 6, 1;
L_0x556c94a80f60 .part L_0x556c94a65560, 7, 1;
L_0x556c94a812e0 .reduce/nor L_0x556c94a7b740;
L_0x556c94a81630 .arith/sum 32, v0x556c94a4f170_0, L_0x7ff378617768;
L_0x556c94a81a80 .part v0x556c94a5c3f0_0, 1, 1;
L_0x556c94a81b20 .part v0x556c94a5c3f0_0, 2, 1;
L_0x556c94a81ec0 .functor MUXZ 32, L_0x556c94a770b0, L_0x556c94a758e0, L_0x556c94a81b20, C4<>;
L_0x556c94a82050 .functor MUXZ 32, L_0x556c94a81ec0, L_0x556c94a77d30, L_0x556c94a81a80, C4<>;
L_0x556c94a824f0 .arith/sum 32, v0x556c94a4f170_0, L_0x556c94a82050;
L_0x556c94a82630 .part v0x556c94a5c3f0_0, 3, 1;
L_0x556c94a829f0 .functor MUXZ 32, L_0x556c94a760f0, L_0x556c94a76880, L_0x556c94a82630, C4<>;
L_0x556c94a82b30 .arith/sum 32, v0x556c94a56470_0, L_0x556c94a829f0;
L_0x556c94a82fa0 .part v0x556c94a5e3d0_0, 1, 1;
L_0x556c94a83040 .part v0x556c94a5e3d0_0, 0, 1;
L_0x556c94a83600 .functor MUXZ 32, L_0x556c94a82b30, v0x556c94a4f170_0, L_0x556c94a816d0, C4<>;
L_0x556c94a83740 .functor MUXZ 32, L_0x7ff3786177b0, v0x556c94a5c170_0, L_0x556c94a788d0, C4<>;
L_0x556c94a83bd0 .functor MUXZ 32, L_0x7ff3786177f8, L_0x556c94a758e0, L_0x556c94a79310, C4<>;
L_0x556c94a83e20 .functor MUXZ 32, L_0x7ff378617840, L_0x556c94a7e5c0, L_0x556c94990820, C4<>;
L_0x556c94a84520 .functor MUXZ 32, L_0x7ff378617888, L_0x556c94a824f0, L_0x556c94a79680, C4<>;
L_0x556c94a849e0 .functor MUXZ 32, L_0x7ff3786178d0, L_0x556c94a81630, L_0x556c94a847c0, C4<>;
L_0x556c94a84ff0 .functor MUXZ 32, L_0x7ff378617918, L_0x556c94a87fc0, L_0x556c94a78120, C4<>;
L_0x556c94a85360 .part v0x556c94a5c3f0_0, 10, 2;
L_0x556c94a85780 .cmp/eq 2, L_0x556c94a85360, L_0x7ff378617960;
L_0x556c94a858c0 .part v0x556c94a5c3f0_0, 10, 2;
L_0x556c94a85cf0 .cmp/eq 2, L_0x556c94a858c0, L_0x7ff3786179a8;
L_0x556c94a85e30 .part v0x556c94a5c3f0_0, 12, 1;
L_0x556c94a86270 .reduce/nor L_0x556c94a85e30;
L_0x556c94a86360 .part L_0x556c94a89820, 7, 1;
L_0x556c94a867b0 .part L_0x556c94a88bb0, 15, 1;
L_0x556c94a86850 .functor MUXZ 1, L_0x556c94a867b0, L_0x556c94a86360, L_0x556c94a85780, C4<>;
LS_0x556c94a86eb0_0_0 .concat [ 1 1 1 1], L_0x556c94a86da0, L_0x556c94a86da0, L_0x556c94a86da0, L_0x556c94a86da0;
LS_0x556c94a86eb0_0_4 .concat [ 1 1 1 1], L_0x556c94a86da0, L_0x556c94a86da0, L_0x556c94a86da0, L_0x556c94a86da0;
LS_0x556c94a86eb0_0_8 .concat [ 1 1 1 1], L_0x556c94a86da0, L_0x556c94a86da0, L_0x556c94a86da0, L_0x556c94a86da0;
LS_0x556c94a86eb0_0_12 .concat [ 1 1 1 1], L_0x556c94a86da0, L_0x556c94a86da0, L_0x556c94a86da0, L_0x556c94a86da0;
LS_0x556c94a86eb0_0_16 .concat [ 1 1 1 1], L_0x556c94a86da0, L_0x556c94a86da0, L_0x556c94a86da0, L_0x556c94a86da0;
LS_0x556c94a86eb0_0_20 .concat [ 1 1 1 1], L_0x556c94a86da0, L_0x556c94a86da0, L_0x556c94a86da0, L_0x556c94a86da0;
LS_0x556c94a86eb0_1_0 .concat [ 4 4 4 4], LS_0x556c94a86eb0_0_0, LS_0x556c94a86eb0_0_4, LS_0x556c94a86eb0_0_8, LS_0x556c94a86eb0_0_12;
LS_0x556c94a86eb0_1_4 .concat [ 4 4 0 0], LS_0x556c94a86eb0_0_16, LS_0x556c94a86eb0_0_20;
L_0x556c94a86eb0 .concat [ 16 8 0 0], LS_0x556c94a86eb0_1_0, LS_0x556c94a86eb0_1_4;
L_0x556c94a86fa0 .concat [ 8 24 0 0], L_0x556c94a89820, L_0x556c94a86eb0;
LS_0x556c94a87460_0_0 .concat [ 1 1 1 1], L_0x556c94a86da0, L_0x556c94a86da0, L_0x556c94a86da0, L_0x556c94a86da0;
LS_0x556c94a87460_0_4 .concat [ 1 1 1 1], L_0x556c94a86da0, L_0x556c94a86da0, L_0x556c94a86da0, L_0x556c94a86da0;
LS_0x556c94a87460_0_8 .concat [ 1 1 1 1], L_0x556c94a86da0, L_0x556c94a86da0, L_0x556c94a86da0, L_0x556c94a86da0;
LS_0x556c94a87460_0_12 .concat [ 1 1 1 1], L_0x556c94a86da0, L_0x556c94a86da0, L_0x556c94a86da0, L_0x556c94a86da0;
L_0x556c94a87460 .concat [ 4 4 4 4], LS_0x556c94a87460_0_0, LS_0x556c94a87460_0_4, LS_0x556c94a87460_0_8, LS_0x556c94a87460_0_12;
L_0x556c94a87910 .concat [ 16 16 0 0], L_0x556c94a88bb0, L_0x556c94a87460;
L_0x556c94a87e30 .functor MUXZ 32, v0x556c94a64860_0, L_0x556c94a87910, L_0x556c94a85cf0, C4<>;
L_0x556c94a87fc0 .functor MUXZ 32, L_0x556c94a87e30, L_0x556c94a86fa0, L_0x556c94a85780, C4<>;
L_0x556c94a88540 .part L_0x556c94a82b30, 1, 1;
L_0x556c94a885e0 .part v0x556c94a64860_0, 16, 16;
L_0x556c94a88a80 .part v0x556c94a64860_0, 0, 16;
L_0x556c94a88bb0 .functor MUXZ 16, L_0x556c94a88a80, L_0x556c94a885e0, L_0x556c94a88540, C4<>;
L_0x556c94a89100 .part L_0x556c94a82b30, 0, 1;
L_0x556c94a89230 .part L_0x556c94a88bb0, 8, 8;
L_0x556c94a89780 .part L_0x556c94a88bb0, 0, 8;
L_0x556c94a89820 .functor MUXZ 8, L_0x556c94a89780, L_0x556c94a89230, L_0x556c94a89100, C4<>;
L_0x556c94a893b0 .part v0x556c94a5e2f0_0, 0, 8;
L_0x556c94a894a0 .part L_0x556c94a82b30, 0, 1;
L_0x556c94a89540 .part v0x556c94a5e2f0_0, 0, 8;
L_0x556c94a895e0 .part v0x556c94a5e2f0_0, 8, 8;
L_0x556c94a89d10 .functor MUXZ 8, L_0x556c94a895e0, L_0x556c94a89540, L_0x556c94a894a0, C4<>;
L_0x556c94a89e00 .part L_0x556c94a82b30, 1, 1;
L_0x556c94a898c0 .part v0x556c94a5e2f0_0, 0, 8;
L_0x556c94a89960 .part v0x556c94a5e2f0_0, 16, 8;
L_0x556c94a89a00 .functor MUXZ 8, L_0x556c94a89960, L_0x556c94a898c0, L_0x556c94a89e00, C4<>;
L_0x556c94a89b90 .concat8 [ 8 8 8 8], L_0x556c94a893b0, L_0x556c94a89d10, L_0x556c94a89a00, L_0x556c94a8a860;
L_0x556c94a89ea0 .part L_0x556c94a82b30, 0, 1;
L_0x556c94a89f40 .part v0x556c94a5e2f0_0, 0, 8;
L_0x556c94a89fe0 .part L_0x556c94a82b30, 1, 1;
L_0x556c94a8a080 .part v0x556c94a5e2f0_0, 8, 8;
L_0x556c94a8a120 .part v0x556c94a5e2f0_0, 24, 8;
L_0x556c94a8a1c0 .functor MUXZ 8, L_0x556c94a8a120, L_0x556c94a8a080, L_0x556c94a89fe0, C4<>;
L_0x556c94a8a860 .functor MUXZ 8, L_0x556c94a8a1c0, L_0x556c94a89f40, L_0x556c94a89ea0, C4<>;
L_0x556c94a8aa40 .part L_0x556c94a82b30, 1, 1;
L_0x556c94a8a360 .part L_0x556c94a82b30, 0, 1;
L_0x556c94a8a400 .functor MUXZ 4, L_0x7ff378617a38, L_0x7ff3786179f0, L_0x556c94a8a360, C4<>;
L_0x556c94a8a590 .part L_0x556c94a82b30, 0, 1;
L_0x556c94a8a630 .functor MUXZ 4, L_0x7ff378617ac8, L_0x7ff378617a80, L_0x556c94a8a590, C4<>;
L_0x556c94a8afc0 .functor MUXZ 4, L_0x556c94a8a630, L_0x556c94a8a400, L_0x556c94a8aa40, C4<>;
L_0x556c94a8b100 .part L_0x556c94a82b30, 1, 1;
L_0x556c94a8aae0 .functor MUXZ 4, L_0x7ff378617b58, L_0x7ff378617b10, L_0x556c94a8b100, C4<>;
L_0x556c94a8ac70 .functor MUXZ 4, L_0x7ff378617ba0, L_0x556c94a8aae0, L_0x556c94a85cf0, C4<>;
L_0x556c94a8adb0 .functor MUXZ 4, L_0x556c94a8ac70, L_0x556c94a8afc0, L_0x556c94a85780, C4<>;
L_0x556c94a8b7d0 .part v0x556c94a5e3d0_0, 2, 1;
L_0x556c94a8b1a0 .part v0x556c94a5e3d0_0, 3, 1;
L_0x556c94a8b550 .part v0x556c94a5e3d0_0, 2, 1;
L_0x556c94a8bee0 .part v0x556c94a5e3d0_0, 0, 1;
L_0x556c94a8c040 .part v0x556c94a5e3d0_0, 2, 1;
L_0x556c94a8ba90 .concat [ 1 1 1 1], L_0x556c94a8b870, L_0x556c94a8b870, L_0x556c94a8b870, L_0x556c94a8b870;
L_0x556c94a8bcd0 .part v0x556c94a5e3d0_0, 2, 1;
S_0x556c949e43e0 .scope module, "uart_unit" "uart_ip" 3 78, 8 1 0, S_0x556c9494d1b0;
 .timescale 0 0;
    .port_info 0 /INPUT 1 "clk";
    .port_info 1 /INPUT 1 "rst";
    .port_info 2 /INPUT 32 "waddr";
    .port_info 3 /INPUT 32 "wdata";
    .port_info 4 /INPUT 1 "wen";
    .port_info 5 /INPUT 4 "wstrb";
    .port_info 6 /OUTPUT 1 "wready";
    .port_info 7 /INPUT 32 "raddr";
    .port_info 8 /INPUT 1 "ren";
    .port_info 9 /OUTPUT 32 "rdata";
    .port_info 10 /OUTPUT 1 "rvalid";
    .port_info 11 /OUTPUT 1 "o_uart_tx";
P_0x556c94a5e830 .param/l "ADDR_W" 0 8 2, +C4<00000000000000000000000000100000>;
P_0x556c94a5e870 .param/l "DATA_W" 0 8 3, +C4<00000000000000000000000000100000>;
P_0x556c94a5e8b0 .param/l "STRB_W" 0 8 4, +C4<00000000000000000000000000000100>;
L_0x556c94a8f4b0 .functor AND 1, L_0x556c94a8f3e0, v0x556c94a62840_0, C4<1>, C4<1>;
v0x556c94a62a10_0 .net *"_ivl_1", 0 0, L_0x556c94a8f3e0;  1 drivers
v0x556c94a62af0_0 .net "clk", 0 0, v0x556c94a64e70_0;  alias, 1 drivers
v0x556c94a62bb0_0 .net "csr_u_ctrl_start_out", 0 0, L_0x556c94a8f170;  1 drivers
v0x556c94a62c80_0 .net "csr_u_data_data_out", 7 0, L_0x556c94a8e500;  1 drivers
v0x556c94a62d20_0 .net "o_ready", 0 0, v0x556c94a62840_0;  1 drivers
v0x556c94a62e60_0 .var "o_ready_reg", 0 0;
v0x556c94a62f00_0 .net "o_uart_tx", 0 0, L_0x556c94a8f880;  alias, 1 drivers
v0x556c94a62fa0_0 .net "raddr", 31 0, L_0x556c94a90140;  1 drivers
v0x556c94a63040_0 .net "rdata", 31 0, L_0x556c94a8f240;  alias, 1 drivers
v0x556c94a63170_0 .net "ren", 0 0, L_0x556c94a8ff20;  1 drivers
v0x556c94a63210_0 .net "rst", 0 0, L_0x556c94a8f990;  1 drivers
v0x556c94a632b0_0 .net "rvalid", 0 0, L_0x556c94a8f2b0;  1 drivers
v0x556c94a63350_0 .net "waddr", 31 0, L_0x556c94a8fcd0;  1 drivers
v0x556c94a63420_0 .net "wdata", 31 0, L_0x556c94a89b90;  alias, 1 drivers
v0x556c94a63550_0 .net "wen", 0 0, L_0x556c94a8ff90;  1 drivers
L_0x7ff378618140 .functor BUFT 1, C4<1>, C4<0>, C4<0>, C4<0>;
v0x556c94a63620_0 .net "wready", 0 0, L_0x7ff378618140;  1 drivers
v0x556c94a636f0_0 .net "wstrb", 3 0, L_0x556c94a8bc10;  alias, 1 drivers
L_0x556c94a8f3e0 .reduce/nor v0x556c94a62e60_0;
S_0x556c949fd650 .scope module, "uart_regs_interface_u0" "regs_uart" 8 38, 9 3 0, S_0x556c949e43e0;
 .timescale 0 0;
    .port_info 0 /INPUT 1 "clk";
    .port_info 1 /INPUT 1 "rst";
    .port_info 2 /OUTPUT 8 "csr_u_data_data_out";
    .port_info 3 /INPUT 1 "csr_u_stat_ready_in";
    .port_info 4 /INPUT 1 "csr_u_stat_tx_done_in";
    .port_info 5 /OUTPUT 1 "csr_u_ctrl_start_out";
    .port_info 6 /INPUT 32 "waddr";
    .port_info 7 /INPUT 32 "wdata";
    .port_info 8 /INPUT 1 "wen";
    .port_info 9 /INPUT 4 "wstrb";
    .port_info 10 /OUTPUT 1 "wready";
    .port_info 11 /INPUT 32 "raddr";
    .port_info 12 /INPUT 1 "ren";
    .port_info 13 /OUTPUT 32 "rdata";
    .port_info 14 /OUTPUT 1 "rvalid";
P_0x556c94a5eb90 .param/l "ADDR_W" 0 9 4, +C4<00000000000000000000000000100000>;
P_0x556c94a5ebd0 .param/l "DATA_W" 0 9 5, +C4<00000000000000000000000000100000>;
P_0x556c94a5ec10 .param/l "STRB_W" 0 9 6, +C4<00000000000000000000000000000100>;
L_0x556c94a8dff0 .functor AND 1, L_0x556c94a8ff90, L_0x556c94a8df00, C4<1>, C4<1>;
L_0x556c94a8e240 .functor AND 1, L_0x556c94a8ff20, L_0x556c94a8e100, C4<1>, C4<1>;
L_0x556c94a8e440 .functor BUFZ 8, v0x556c94a60440_0, C4<00000000>, C4<00000000>, C4<00000000>;
L_0x556c94a8e500 .functor BUFZ 8, v0x556c94a60440_0, C4<00000000>, C4<00000000>, C4<00000000>;
L_0x556c94a8e6e0 .functor AND 1, L_0x556c94a8ff90, L_0x556c94a8e5c0, C4<1>, C4<1>;
L_0x556c94a8e890 .functor AND 1, L_0x556c94a8ff20, L_0x556c94a8e7a0, C4<1>, C4<1>;
L_0x556c94a8ee60 .functor AND 1, L_0x556c94a8ff90, L_0x556c94a8ed30, C4<1>, C4<1>;
L_0x556c94a8f170 .functor BUFZ 1, v0x556c94a60200_0, C4<0>, C4<0>, C4<0>;
L_0x556c94a8f240 .functor BUFZ 32, v0x556c94a61100_0, C4<00000000000000000000000000000000>, C4<00000000000000000000000000000000>, C4<00000000000000000000000000000000>;
L_0x556c94a8f2b0 .functor BUFZ 1, v0x556c94a61420_0, C4<0>, C4<0>, C4<0>;
L_0x7ff378617e70 .functor BUFT 1, C4<00000000000000000000000000000000>, C4<0>, C4<0>, C4<0>;
v0x556c94a5ef20_0 .net/2u *"_ivl_10", 31 0, L_0x7ff378617e70;  1 drivers
v0x556c94a5f020_0 .net *"_ivl_12", 0 0, L_0x556c94a8e100;  1 drivers
L_0x7ff378617de0 .functor BUFT 1, C4<000000000000000000000000>, C4<0>, C4<0>, C4<0>;
v0x556c94a5f0e0_0 .net/2u *"_ivl_2", 23 0, L_0x7ff378617de0;  1 drivers
v0x556c94a5f1d0_0 .net *"_ivl_20", 7 0, L_0x556c94a8e440;  1 drivers
L_0x7ff378617eb8 .functor BUFT 1, C4<00000>, C4<0>, C4<0>, C4<0>;
v0x556c94a5f2b0_0 .net/2u *"_ivl_25", 4 0, L_0x7ff378617eb8;  1 drivers
L_0x7ff378617f00 .functor BUFT 1, C4<0000000>, C4<0>, C4<0>, C4<0>;
v0x556c94a5f3e0_0 .net/2u *"_ivl_29", 6 0, L_0x7ff378617f00;  1 drivers
L_0x7ff378617f48 .functor BUFT 1, C4<000000000000000000>, C4<0>, C4<0>, C4<0>;
v0x556c94a5f4c0_0 .net/2u *"_ivl_33", 17 0, L_0x7ff378617f48;  1 drivers
L_0x7ff378617f90 .functor BUFT 1, C4<00000000000000000000000000000100>, C4<0>, C4<0>, C4<0>;
v0x556c94a5f5a0_0 .net/2u *"_ivl_35", 31 0, L_0x7ff378617f90;  1 drivers
v0x556c94a5f680_0 .net *"_ivl_37", 0 0, L_0x556c94a8e5c0;  1 drivers
L_0x7ff378617e28 .functor BUFT 1, C4<00000000000000000000000000000000>, C4<0>, C4<0>, C4<0>;
v0x556c94a5f740_0 .net/2u *"_ivl_4", 31 0, L_0x7ff378617e28;  1 drivers
L_0x7ff378617fd8 .functor BUFT 1, C4<00000000000000000000000000000100>, C4<0>, C4<0>, C4<0>;
v0x556c94a5f820_0 .net/2u *"_ivl_41", 31 0, L_0x7ff378617fd8;  1 drivers
v0x556c94a5f900_0 .net *"_ivl_43", 0 0, L_0x556c94a8e7a0;  1 drivers
v0x556c94a5f9c0_0 .net *"_ivl_50", 0 0, v0x556c94a60a00_0;  1 drivers
v0x556c94a5faa0_0 .net *"_ivl_55", 0 0, v0x556c94a60d00_0;  1 drivers
L_0x7ff378618020 .functor BUFT 1, C4<000000000>, C4<0>, C4<0>, C4<0>;
v0x556c94a5fb80_0 .net/2u *"_ivl_58", 8 0, L_0x7ff378618020;  1 drivers
v0x556c94a5fc60_0 .net *"_ivl_6", 0 0, L_0x556c94a8df00;  1 drivers
L_0x7ff378618068 .functor BUFT 1, C4<0000000000000000000000>, C4<0>, C4<0>, C4<0>;
v0x556c94a5fd20_0 .net/2u *"_ivl_62", 21 0, L_0x7ff378618068;  1 drivers
L_0x7ff3786180b0 .functor BUFT 1, C4<00000000000000000000000000001000>, C4<0>, C4<0>, C4<0>;
v0x556c94a5fe00_0 .net/2u *"_ivl_64", 31 0, L_0x7ff3786180b0;  1 drivers
v0x556c94a5fee0_0 .net *"_ivl_66", 0 0, L_0x556c94a8ed30;  1 drivers
L_0x7ff3786180f8 .functor BUFT 1, C4<0>, C4<0>, C4<0>, C4<0>;
v0x556c94a5ffa0_0 .net/2u *"_ivl_73", 0 0, L_0x7ff3786180f8;  1 drivers
v0x556c94a60080_0 .net "clk", 0 0, v0x556c94a64e70_0;  alias, 1 drivers
v0x556c94a60120_0 .net "csr_u_ctrl_rdata", 31 0, L_0x556c94a8ef60;  1 drivers
v0x556c94a60200_0 .var "csr_u_ctrl_start_ff", 0 0;
v0x556c94a602c0_0 .net "csr_u_ctrl_start_out", 0 0, L_0x556c94a8f170;  alias, 1 drivers
v0x556c94a60380_0 .net "csr_u_ctrl_wen", 0 0, L_0x556c94a8ee60;  1 drivers
v0x556c94a60440_0 .var "csr_u_data_data_ff", 7 0;
v0x556c94a60520_0 .net "csr_u_data_data_out", 7 0, L_0x556c94a8e500;  alias, 1 drivers
v0x556c94a60600_0 .net "csr_u_data_rdata", 31 0, L_0x556c94a8e350;  1 drivers
v0x556c94a606e0_0 .net "csr_u_data_ren", 0 0, L_0x556c94a8e240;  1 drivers
v0x556c94a607a0_0 .var "csr_u_data_ren_ff", 0 0;
v0x556c94a60860_0 .net "csr_u_data_wen", 0 0, L_0x556c94a8dff0;  1 drivers
v0x556c94a60920_0 .net "csr_u_stat_rdata", 31 0, L_0x556c94a8ea00;  1 drivers
v0x556c94a60a00_0 .var "csr_u_stat_ready_ff", 0 0;
v0x556c94a60ac0_0 .net "csr_u_stat_ready_in", 0 0, v0x556c94a62840_0;  alias, 1 drivers
v0x556c94a60b80_0 .net "csr_u_stat_ren", 0 0, L_0x556c94a8e890;  1 drivers
v0x556c94a60c40_0 .var "csr_u_stat_ren_ff", 0 0;
v0x556c94a60d00_0 .var "csr_u_stat_tx_done_ff", 0 0;
v0x556c94a60dc0_0 .net "csr_u_stat_tx_done_in", 0 0, L_0x556c94a8f4b0;  1 drivers
v0x556c94a60e80_0 .net "csr_u_stat_wen", 0 0, L_0x556c94a8e6e0;  1 drivers
v0x556c94a60f40_0 .net "raddr", 31 0, L_0x556c94a90140;  alias, 1 drivers
v0x556c94a61020_0 .net "rdata", 31 0, L_0x556c94a8f240;  alias, 1 drivers
v0x556c94a61100_0 .var "rdata_ff", 31 0;
v0x556c94a611e0_0 .net "ren", 0 0, L_0x556c94a8ff20;  alias, 1 drivers
v0x556c94a612a0_0 .net "rst", 0 0, L_0x556c94a8f990;  alias, 1 drivers
v0x556c94a61360_0 .net "rvalid", 0 0, L_0x556c94a8f2b0;  alias, 1 drivers
v0x556c94a61420_0 .var "rvalid_ff", 0 0;
v0x556c94a614e0_0 .net "waddr", 31 0, L_0x556c94a8fcd0;  alias, 1 drivers
v0x556c94a615c0_0 .net "wdata", 31 0, L_0x556c94a89b90;  alias, 1 drivers
v0x556c94a61680_0 .net "wen", 0 0, L_0x556c94a8ff90;  alias, 1 drivers
v0x556c94a61740_0 .net "wready", 0 0, L_0x7ff378618140;  alias, 1 drivers
v0x556c94a61800_0 .net "wstrb", 3 0, L_0x556c94a8bc10;  alias, 1 drivers
L_0x556c94a8df00 .cmp/eq 32, L_0x556c94a8fcd0, L_0x7ff378617e28;
L_0x556c94a8e100 .cmp/eq 32, L_0x556c94a90140, L_0x7ff378617e70;
L_0x556c94a8e350 .concat8 [ 8 24 0 0], L_0x556c94a8e440, L_0x7ff378617de0;
L_0x556c94a8e5c0 .cmp/eq 32, L_0x556c94a8fcd0, L_0x7ff378617f90;
L_0x556c94a8e7a0 .cmp/eq 32, L_0x556c94a90140, L_0x7ff378617fd8;
LS_0x556c94a8ea00_0_0 .concat8 [ 5 1 7 1], L_0x7ff378617eb8, v0x556c94a60a00_0, L_0x7ff378617f00, v0x556c94a60d00_0;
LS_0x556c94a8ea00_0_4 .concat8 [ 18 0 0 0], L_0x7ff378617f48;
L_0x556c94a8ea00 .concat8 [ 14 18 0 0], LS_0x556c94a8ea00_0_0, LS_0x556c94a8ea00_0_4;
L_0x556c94a8ed30 .cmp/eq 32, L_0x556c94a8fcd0, L_0x7ff3786180b0;
L_0x556c94a8ef60 .concat8 [ 9 1 22 0], L_0x7ff378618020, L_0x7ff3786180f8, L_0x7ff378618068;
S_0x556c94a61aa0 .scope module, "uart_transmitter_u1" "uart_tx" 8 59, 10 10 0, S_0x556c949e43e0;
 .timescale 0 0;
    .port_info 0 /INPUT 1 "i_clk";
    .port_info 1 /INPUT 1 "i_rst";
    .port_info 2 /INPUT 8 "i_data";
    .port_info 3 /INPUT 1 "i_valid";
    .port_info 4 /OUTPUT 1 "o_ready";
    .port_info 5 /OUTPUT 1 "o_uart_tx";
P_0x556c94a3cc80 .param/l "START_VALUE" 1 10 27, +C4<0000000000000000000000000000000000000000000000000000001101100100>;
P_0x556c94a3ccc0 .param/l "WIDTH" 1 10 29, +C4<00000000000000000000000000001010>;
P_0x556c94a3cd00 .param/l "baud_rate" 0 10 13, +C4<00000000000000011100001000000000>;
P_0x556c94a3cd40 .param/l "clk_freq_hz" 0 10 12, +C4<0000000000000000000000000000000000000101111101011110000100000000>;
L_0x556c94a8f880 .functor OR 1, L_0x556c94a8f5a0, L_0x556c94a8f790, C4<0>, C4<0>;
v0x556c94a62030_0 .net *"_ivl_1", 0 0, L_0x556c94a8f5a0;  1 drivers
v0x556c94a62110_0 .net *"_ivl_3", 0 0, L_0x556c94a8f670;  1 drivers
v0x556c94a621d0_0 .net *"_ivl_5", 0 0, L_0x556c94a8f790;  1 drivers
v0x556c94a622a0_0 .var "cnt", 10 0;
v0x556c94a62380_0 .var "data", 9 0;
v0x556c94a624b0_0 .net "i_clk", 0 0, v0x556c94a64e70_0;  alias, 1 drivers
v0x556c94a62550_0 .net "i_data", 7 0, L_0x556c94a8e500;  alias, 1 drivers
v0x556c94a62610_0 .net "i_rst", 0 0, L_0x556c94a8f990;  alias, 1 drivers
v0x556c94a626e0_0 .net "i_valid", 0 0, L_0x556c94a8f170;  alias, 1 drivers
v0x556c94a62840_0 .var "o_ready", 0 0;
v0x556c94a62910_0 .net "o_uart_tx", 0 0, L_0x556c94a8f880;  alias, 1 drivers
L_0x556c94a8f5a0 .part v0x556c94a62380_0, 0, 1;
L_0x556c94a8f670 .reduce/or v0x556c94a62380_0;
L_0x556c94a8f790 .reduce/nor L_0x556c94a8f670;
    .scope S_0x556c94a1fc30;
T_0 ;
    %pushi/vec4 0, 0, 32;
    %store/vec4 v0x556c94a22d00_0, 0, 32;
T_0.0 ;
    %load/vec4 v0x556c94a22d00_0;
    %cmpi/s 1024, 0, 32;
    %jmp/0xz T_0.1, 5;
    %pushi/vec4 0, 0, 32;
    %ix/getv/s 4, v0x556c94a22d00_0;
    %store/vec4a v0x556c94a1d5e0, 4, 0;
    %load/vec4 v0x556c94a22d00_0;
    %addi 1, 0, 32;
    %store/vec4 v0x556c94a22d00_0, 0, 32;
    %jmp T_0.0;
T_0.1 ;
    %vpi_call 4 19 "$readmemh", P_0x556c94a3c9c0, v0x556c94a1d5e0 {0 0 0};
    %end;
    .thread T_0;
    .scope S_0x556c94a1fc30;
T_1 ;
    %wait E_0x556c94a3b5a0;
    %load/vec4 v0x556c94a4b960_0;
    %parti/s 1, 0, 2;
    %flag_set/vec4 8;
    %jmp/0xz  T_1.0, 8;
    %load/vec4 v0x556c94a4b880_0;
    %parti/s 8, 0, 2;
    %ix/getv 3, v0x556c94a4ba40_0;
    %ix/load 4, 0, 0; Constant delay
    %assign/vec4/a/d v0x556c94a1d5e0, 0, 4;
T_1.0 ;
    %load/vec4 v0x556c94a4b960_0;
    %parti/s 1, 1, 2;
    %flag_set/vec4 8;
    %jmp/0xz  T_1.2, 8;
    %load/vec4 v0x556c94a4b880_0;
    %parti/s 8, 8, 5;
    %ix/getv 3, v0x556c94a4ba40_0;
    %ix/load 4, 8, 0; part off
    %ix/load 5, 0, 0; Constant delay
    %assign/vec4/a/d v0x556c94a1d5e0, 4, 5;
T_1.2 ;
    %load/vec4 v0x556c94a4b960_0;
    %parti/s 1, 2, 3;
    %flag_set/vec4 8;
    %jmp/0xz  T_1.4, 8;
    %load/vec4 v0x556c94a4b880_0;
    %parti/s 8, 16, 6;
    %ix/getv 3, v0x556c94a4ba40_0;
    %ix/load 4, 16, 0; part off
    %ix/load 5, 0, 0; Constant delay
    %assign/vec4/a/d v0x556c94a1d5e0, 4, 5;
T_1.4 ;
    %load/vec4 v0x556c94a4b960_0;
    %parti/s 1, 3, 3;
    %flag_set/vec4 8;
    %jmp/0xz  T_1.6, 8;
    %load/vec4 v0x556c94a4b880_0;
    %parti/s 8, 24, 6;
    %ix/getv 3, v0x556c94a4ba40_0;
    %ix/load 4, 24, 0; part off
    %ix/load 5, 0, 0; Constant delay
    %assign/vec4/a/d v0x556c94a1d5e0, 4, 5;
T_1.6 ;
    %jmp T_1;
    .thread T_1;
    .scope S_0x556c94a1fc30;
T_2 ;
    %wait E_0x556c94a3b5a0;
    %load/vec4 v0x556c9494a230_0;
    %flag_set/vec4 8;
    %jmp/0xz  T_2.0, 8;
    %ix/getv 4, v0x556c94a4ba40_0;
    %load/vec4a v0x556c94a1d5e0, 4;
    %assign/vec4 v0x556c94a24060_0, 0;
T_2.0 ;
    %jmp T_2;
    .thread T_2;
    .scope S_0x556c94a209f0;
T_3 ;
    %wait E_0x556c94a3b5a0;
    %load/vec4 v0x556c94a5e4d0_0;
    %flag_set/vec4 8;
    %jmp/0xz  T_3.0, 8;
    %load/vec4 v0x556c94a561f0_0;
    %pad/u 32;
    %cmpi/ne 0, 0, 32;
    %jmp/0xz  T_3.2, 4;
    %load/vec4 v0x556c94a5e590_0;
    %load/vec4 v0x556c94a561f0_0;
    %pad/u 7;
    %ix/vec4 3;
    %ix/load 4, 0, 0; Constant delay
    %assign/vec4/a/d v0x556c94a562d0, 0, 4;
T_3.2 ;
T_3.0 ;
    %jmp T_3;
    .thread T_3;
    .scope S_0x556c94a209f0;
T_4 ;
    %wait E_0x556c94a3b5a0;
    %load/vec4 v0x556c94a5c010_0;
    %flag_set/vec4 8;
    %jmp/0xz  T_4.0, 8;
    %load/vec4 v0x556c94a5c330_0;
    %flag_set/vec4 8;
    %jmp/0xz  T_4.2, 8;
    %load/vec4 v0x556c94a5b9f0_0;
    %assign/vec4 v0x556c94a5be50_0, 0;
    %load/vec4 v0x556c94a5bad0_0;
    %parti/s 5, 0, 2;
    %assign/vec4 v0x556c94a5bf30_0, 0;
T_4.2 ;
T_4.0 ;
    %load/vec4 v0x556c94a5bf30_0;
    %or/r;
    %flag_set/vec4 8;
    %jmp/0xz  T_4.4, 8;
    %load/vec4 v0x556c94a5bf30_0;
    %subi 1, 0, 5;
    %assign/vec4 v0x556c94a5bf30_0, 0;
    %load/vec4 v0x556c94a5c250_0;
    %parti/s 1, 1, 2;
    %flag_set/vec4 8;
    %jmp/0 T_4.6, 8;
    %load/vec4 v0x556c94a5be50_0;
    %ix/load 4, 1, 0;
    %flag_set/imm 4, 0;
    %shiftl 4;
    %jmp/1 T_4.7, 8;
T_4.6 ; End of true expr.
    %load/vec4 v0x556c94a5c3f0_0;
    %parti/s 1, 28, 6;
    %load/vec4 v0x556c94a5be50_0;
    %parti/s 1, 31, 6;
    %and;
    %load/vec4 v0x556c94a5be50_0;
    %parti/s 31, 1, 2;
    %concat/vec4; draw_concat_vec4
    %jmp/0 T_4.7, 8;
 ; End of false expr.
    %blend;
T_4.7;
    %assign/vec4 v0x556c94a5be50_0, 0;
T_4.4 ;
    %jmp T_4;
    .thread T_4;
    .scope S_0x556c94a209f0;
T_5 ;
    %wait E_0x556c94a3b5a0;
    %load/vec4 v0x556c94a563d0_0;
    %nor/r;
    %flag_set/vec4 8;
    %jmp/0xz  T_5.0, 8;
    %pushi/vec4 8, 0, 4;
    %assign/vec4 v0x556c94a5e3d0_0, 0;
    %pushi/vec4 0, 0, 32;
    %assign/vec4 v0x556c94a4f170_0, 0;
    %jmp T_5.1;
T_5.0 ;
    %pushi/vec4 1, 0, 1;
    %dup/vec4;
    %load/vec4 v0x556c94a5e3d0_0;
    %parti/s 1, 1, 2;
    %cmp/u;
    %jmp/1 T_5.2, 6;
    %dup/vec4;
    %load/vec4 v0x556c94a5e3d0_0;
    %parti/s 1, 2, 3;
    %cmp/u;
    %jmp/1 T_5.3, 6;
    %dup/vec4;
    %load/vec4 v0x556c94a5e3d0_0;
    %parti/s 1, 3, 3;
    %cmp/u;
    %jmp/1 T_5.4, 6;
    %pushi/vec4 2, 0, 4;
    %assign/vec4 v0x556c94a5e3d0_0, 0;
    %jmp T_5.6;
T_5.2 ;
    %load/vec4 v0x556c94a5d140_0;
    %nor/r;
    %flag_set/vec4 8;
    %jmp/0xz  T_5.7, 8;
    %load/vec4 v0x556c94a5d200_0;
    %parti/s 5, 15, 5;
    %pad/u 7;
    %ix/vec4 4;
    %load/vec4a v0x556c94a562d0, 4;
    %assign/vec4 v0x556c94a56470_0, 0;
    %load/vec4 v0x556c94a5d200_0;
    %parti/s 5, 20, 6;
    %pad/u 7;
    %ix/vec4 4;
    %load/vec4a v0x556c94a562d0, 4;
    %assign/vec4 v0x556c94a5e2f0_0, 0;
    %load/vec4 v0x556c94a5d200_0;
    %parti/s 30, 2, 3;
    %assign/vec4 v0x556c94a5c3f0_0, 0;
    %pushi/vec4 4, 0, 4;
    %assign/vec4 v0x556c94a5e3d0_0, 0;
T_5.7 ;
    %jmp T_5.6;
T_5.3 ;
    %load/vec4 v0x556c94a5c950_0;
    %flag_set/vec4 8;
    %jmp/0 T_5.9, 8;
    %load/vec4 v0x556c94a5bd70_0;
    %parti/s 31, 1, 2;
    %concati/vec4 0, 0, 1;
    %jmp/1 T_5.10, 8;
T_5.9 ; End of true expr.
    %load/vec4 v0x556c94a5cd10_0;
    %flag_set/vec4 9;
    %jmp/0 T_5.11, 9;
    %load/vec4 v0x556c94a4f330_0;
    %jmp/1 T_5.12, 9;
T_5.11 ; End of true expr.
    %load/vec4 v0x556c94a4f250_0;
    %jmp/0 T_5.12, 9;
 ; End of false expr.
    %blend;
T_5.12;
    %jmp/0 T_5.10, 8;
 ; End of false expr.
    %blend;
T_5.10;
    %assign/vec4 v0x556c94a4f170_0, 0;
    %load/vec4 v0x556c94a56090_0;
    %flag_set/vec4 8;
    %jmp/0 T_5.13, 8;
    %pushi/vec4 8, 0, 35;
    %jmp/1 T_5.14, 8;
T_5.13 ; End of true expr.
    %pushi/vec4 1, 0, 35;
    %jmp/0 T_5.14, 8;
 ; End of false expr.
    %blend;
T_5.14;
    %pad/s 4;
    %assign/vec4 v0x556c94a5e3d0_0, 0;
    %jmp T_5.6;
T_5.4 ;
    %load/vec4 v0x556c94a5b930_0;
    %nor/r;
    %load/vec4 v0x556c94a5d140_0;
    %nor/r;
    %and;
    %load/vec4 v0x556c94a55e00_0;
    %nor/r;
    %and;
    %flag_set/vec4 8;
    %jmp/0xz  T_5.15, 8;
    %pushi/vec4 1, 0, 4;
    %assign/vec4 v0x556c94a5e3d0_0, 0;
T_5.15 ;
    %jmp T_5.6;
T_5.6 ;
    %pop/vec4 1;
T_5.1 ;
    %jmp T_5;
    .thread T_5;
    .scope S_0x556c94a209f0;
T_6 ;
    %wait E_0x556c94a3b5a0;
    %load/vec4 v0x556c94a5c170_0;
    %addi 1, 0, 32;
    %assign/vec4 v0x556c94a5c170_0, 0;
    %jmp T_6;
    .thread T_6;
    .scope S_0x556c94a209f0;
T_7 ;
    %pushi/vec4 0, 0, 32;
    %store/vec4 v0x556c94a5c170_0, 0, 32;
    %pushi/vec4 0, 0, 5;
    %store/vec4 v0x556c94a5bf30_0, 0, 5;
    %pushi/vec4 0, 0, 32;
    %ix/load 4, 0, 0;
    %flag_set/imm 4, 0;
    %store/vec4a v0x556c94a562d0, 4, 0;
    %end;
    .thread T_7;
    .scope S_0x556c94a20610;
T_8 ;
    %wait E_0x556c94a3b5a0;
    %load/vec4 v0x556c94a4d760_0;
    %flag_set/vec4 8;
    %jmp/0xz  T_8.0, 8;
    %pushi/vec4 0, 0, 1;
    %assign/vec4 v0x556c94a4d280_0, 0;
    %jmp T_8.1;
T_8.0 ;
    %load/vec4 v0x556c94a4d1c0_0;
    %assign/vec4 v0x556c94a4d280_0, 0;
T_8.1 ;
    %jmp T_8;
    .thread T_8;
    .scope S_0x556c94a20610;
T_9 ;
    %wait E_0x556c94a3b5a0;
    %load/vec4 v0x556c94a4d760_0;
    %flag_set/vec4 8;
    %jmp/0xz  T_9.0, 8;
    %pushi/vec4 0, 0, 32;
    %assign/vec4 v0x556c94a4cf40_0, 0;
    %jmp T_9.1;
T_9.0 ;
    %load/vec4 v0x556c94a4d340_0;
    %flag_set/vec4 8;
    %jmp/0xz  T_9.2, 8;
    %load/vec4 v0x556c94a4dcd0_0;
    %parti/s 1, 0, 2;
    %flag_set/vec4 8;
    %jmp/0xz  T_9.4, 8;
    %load/vec4 v0x556c94a4da80_0;
    %parti/s 8, 0, 2;
    %ix/load 4, 0, 0;
    %ix/load 5, 0, 0;
    %flag_set/imm 4, 0;
    %assign/vec4/off/d v0x556c94a4cf40_0, 4, 5;
T_9.4 ;
    %load/vec4 v0x556c94a4dcd0_0;
    %parti/s 1, 1, 2;
    %flag_set/vec4 8;
    %jmp/0xz  T_9.6, 8;
    %load/vec4 v0x556c94a4da80_0;
    %parti/s 8, 8, 5;
    %ix/load 4, 8, 0;
    %ix/load 5, 0, 0;
    %flag_set/imm 4, 0;
    %assign/vec4/off/d v0x556c94a4cf40_0, 4, 5;
T_9.6 ;
    %load/vec4 v0x556c94a4dcd0_0;
    %parti/s 1, 2, 3;
    %flag_set/vec4 8;
    %jmp/0xz  T_9.8, 8;
    %load/vec4 v0x556c94a4da80_0;
    %parti/s 8, 16, 6;
    %ix/load 4, 16, 0;
    %ix/load 5, 0, 0;
    %flag_set/imm 4, 0;
    %assign/vec4/off/d v0x556c94a4cf40_0, 4, 5;
T_9.8 ;
    %load/vec4 v0x556c94a4dcd0_0;
    %parti/s 1, 3, 3;
    %flag_set/vec4 8;
    %jmp/0xz  T_9.10, 8;
    %load/vec4 v0x556c94a4da80_0;
    %parti/s 8, 24, 6;
    %ix/load 4, 24, 0;
    %ix/load 5, 0, 0;
    %flag_set/imm 4, 0;
    %assign/vec4/off/d v0x556c94a4cf40_0, 4, 5;
T_9.10 ;
    %jmp T_9.3;
T_9.2 ;
    %load/vec4 v0x556c94a4cf40_0;
    %assign/vec4 v0x556c94a4cf40_0, 0;
T_9.3 ;
T_9.1 ;
    %jmp T_9;
    .thread T_9;
    .scope S_0x556c94a20610;
T_10 ;
    %wait E_0x556c94a3b5a0;
    %load/vec4 v0x556c94a4d760_0;
    %flag_set/vec4 8;
    %jmp/0xz  T_10.0, 8;
    %pushi/vec4 0, 0, 32;
    %assign/vec4 v0x556c94a4d5c0_0, 0;
    %jmp T_10.1;
T_10.0 ;
    %load/vec4 v0x556c94a4d6a0_0;
    %flag_set/vec4 8;
    %jmp/0xz  T_10.2, 8;
    %load/vec4 v0x556c94a4d400_0;
    %dup/vec4;
    %pushi/vec4 0, 0, 32;
    %cmp/u;
    %jmp/1 T_10.4, 6;
    %pushi/vec4 0, 0, 32;
    %assign/vec4 v0x556c94a4d5c0_0, 0;
    %jmp T_10.6;
T_10.4 ;
    %load/vec4 v0x556c94a4d0e0_0;
    %assign/vec4 v0x556c94a4d5c0_0, 0;
    %jmp T_10.6;
T_10.6 ;
    %pop/vec4 1;
    %jmp T_10.3;
T_10.2 ;
    %pushi/vec4 0, 0, 32;
    %assign/vec4 v0x556c94a4d5c0_0, 0;
T_10.3 ;
T_10.1 ;
    %jmp T_10;
    .thread T_10;
    .scope S_0x556c94a20610;
T_11 ;
    %wait E_0x556c94a3b5a0;
    %load/vec4 v0x556c94a4d760_0;
    %flag_set/vec4 8;
    %jmp/0xz  T_11.0, 8;
    %pushi/vec4 0, 0, 1;
    %assign/vec4 v0x556c94a4d8e0_0, 0;
    %jmp T_11.1;
T_11.0 ;
    %load/vec4 v0x556c94a4d6a0_0;
    %load/vec4 v0x556c94a4d820_0;
    %and;
    %flag_set/vec4 8;
    %jmp/0xz  T_11.2, 8;
    %pushi/vec4 0, 0, 1;
    %assign/vec4 v0x556c94a4d8e0_0, 0;
    %jmp T_11.3;
T_11.2 ;
    %load/vec4 v0x556c94a4d6a0_0;
    %flag_set/vec4 8;
    %jmp/0xz  T_11.4, 8;
    %pushi/vec4 1, 0, 1;
    %assign/vec4 v0x556c94a4d8e0_0, 0;
T_11.4 ;
T_11.3 ;
T_11.1 ;
    %jmp T_11;
    .thread T_11;
    .scope S_0x556c949fd650;
T_12 ;
    %wait E_0x556c94a3b5a0;
    %load/vec4 v0x556c94a612a0_0;
    %flag_set/vec4 8;
    %jmp/0xz  T_12.0, 8;
    %pushi/vec4 0, 0, 1;
    %assign/vec4 v0x556c94a607a0_0, 0;
    %jmp T_12.1;
T_12.0 ;
    %load/vec4 v0x556c94a606e0_0;
    %assign/vec4 v0x556c94a607a0_0, 0;
T_12.1 ;
    %jmp T_12;
    .thread T_12;
    .scope S_0x556c949fd650;
T_13 ;
    %wait E_0x556c94a3b5a0;
    %load/vec4 v0x556c94a612a0_0;
    %flag_set/vec4 8;
    %jmp/0xz  T_13.0, 8;
    %pushi/vec4 0, 0, 8;
    %assign/vec4 v0x556c94a60440_0, 0;
    %jmp T_13.1;
T_13.0 ;
    %load/vec4 v0x556c94a60860_0;
    %flag_set/vec4 8;
    %jmp/0xz  T_13.2, 8;
    %load/vec4 v0x556c94a61800_0;
    %parti/s 1, 0, 2;
    %flag_set/vec4 8;
    %jmp/0xz  T_13.4, 8;
    %load/vec4 v0x556c94a615c0_0;
    %parti/s 8, 0, 2;
    %assign/vec4 v0x556c94a60440_0, 0;
T_13.4 ;
    %jmp T_13.3;
T_13.2 ;
    %load/vec4 v0x556c94a60440_0;
    %assign/vec4 v0x556c94a60440_0, 0;
T_13.3 ;
T_13.1 ;
    %jmp T_13;
    .thread T_13;
    .scope S_0x556c949fd650;
T_14 ;
    %wait E_0x556c94a3b5a0;
    %load/vec4 v0x556c94a612a0_0;
    %flag_set/vec4 8;
    %jmp/0xz  T_14.0, 8;
    %pushi/vec4 0, 0, 1;
    %assign/vec4 v0x556c94a60c40_0, 0;
    %jmp T_14.1;
T_14.0 ;
    %load/vec4 v0x556c94a60b80_0;
    %assign/vec4 v0x556c94a60c40_0, 0;
T_14.1 ;
    %jmp T_14;
    .thread T_14;
    .scope S_0x556c949fd650;
T_15 ;
    %wait E_0x556c94a3b5a0;
    %load/vec4 v0x556c94a612a0_0;
    %flag_set/vec4 8;
    %jmp/0xz  T_15.0, 8;
    %pushi/vec4 1, 0, 1;
    %assign/vec4 v0x556c94a60a00_0, 0;
    %jmp T_15.1;
T_15.0 ;
    %load/vec4 v0x556c94a60ac0_0;
    %assign/vec4 v0x556c94a60a00_0, 0;
T_15.1 ;
    %jmp T_15;
    .thread T_15;
    .scope S_0x556c949fd650;
T_16 ;
    %wait E_0x556c94a3b5a0;
    %load/vec4 v0x556c94a612a0_0;
    %flag_set/vec4 8;
    %jmp/0xz  T_16.0, 8;
    %pushi/vec4 0, 0, 1;
    %assign/vec4 v0x556c94a60d00_0, 0;
    %jmp T_16.1;
T_16.0 ;
    %load/vec4 v0x556c94a60b80_0;
    %load/vec4 v0x556c94a60c40_0;
    %nor/r;
    %and;
    %flag_set/vec4 8;
    %jmp/0xz  T_16.2, 8;
    %pushi/vec4 0, 0, 1;
    %assign/vec4 v0x556c94a60d00_0, 0;
    %jmp T_16.3;
T_16.2 ;
    %load/vec4 v0x556c94a60dc0_0;
    %assign/vec4 v0x556c94a60d00_0, 0;
T_16.3 ;
T_16.1 ;
    %jmp T_16;
    .thread T_16;
    .scope S_0x556c949fd650;
T_17 ;
    %wait E_0x556c94a3b5a0;
    %load/vec4 v0x556c94a612a0_0;
    %flag_set/vec4 8;
    %jmp/0xz  T_17.0, 8;
    %pushi/vec4 0, 0, 1;
    %assign/vec4 v0x556c94a60200_0, 0;
    %jmp T_17.1;
T_17.0 ;
    %load/vec4 v0x556c94a60380_0;
    %flag_set/vec4 8;
    %jmp/0xz  T_17.2, 8;
    %load/vec4 v0x556c94a61800_0;
    %parti/s 1, 1, 2;
    %flag_set/vec4 8;
    %jmp/0xz  T_17.4, 8;
    %load/vec4 v0x556c94a615c0_0;
    %parti/s 1, 9, 5;
    %assign/vec4 v0x556c94a60200_0, 0;
T_17.4 ;
    %jmp T_17.3;
T_17.2 ;
    %pushi/vec4 0, 0, 1;
    %assign/vec4 v0x556c94a60200_0, 0;
T_17.3 ;
T_17.1 ;
    %jmp T_17;
    .thread T_17;
    .scope S_0x556c949fd650;
T_18 ;
    %wait E_0x556c94a3b5a0;
    %load/vec4 v0x556c94a612a0_0;
    %flag_set/vec4 8;
    %jmp/0xz  T_18.0, 8;
    %pushi/vec4 0, 0, 32;
    %assign/vec4 v0x556c94a61100_0, 0;
    %jmp T_18.1;
T_18.0 ;
    %load/vec4 v0x556c94a611e0_0;
    %flag_set/vec4 8;
    %jmp/0xz  T_18.2, 8;
    %load/vec4 v0x556c94a60f40_0;
    %dup/vec4;
    %pushi/vec4 0, 0, 32;
    %cmp/u;
    %jmp/1 T_18.4, 6;
    %dup/vec4;
    %pushi/vec4 4, 0, 32;
    %cmp/u;
    %jmp/1 T_18.5, 6;
    %dup/vec4;
    %pushi/vec4 8, 0, 32;
    %cmp/u;
    %jmp/1 T_18.6, 6;
    %pushi/vec4 0, 0, 32;
    %assign/vec4 v0x556c94a61100_0, 0;
    %jmp T_18.8;
T_18.4 ;
    %load/vec4 v0x556c94a60600_0;
    %assign/vec4 v0x556c94a61100_0, 0;
    %jmp T_18.8;
T_18.5 ;
    %load/vec4 v0x556c94a60920_0;
    %assign/vec4 v0x556c94a61100_0, 0;
    %jmp T_18.8;
T_18.6 ;
    %load/vec4 v0x556c94a60120_0;
    %assign/vec4 v0x556c94a61100_0, 0;
    %jmp T_18.8;
T_18.8 ;
    %pop/vec4 1;
    %jmp T_18.3;
T_18.2 ;
    %pushi/vec4 0, 0, 32;
    %assign/vec4 v0x556c94a61100_0, 0;
T_18.3 ;
T_18.1 ;
    %jmp T_18;
    .thread T_18;
    .scope S_0x556c949fd650;
T_19 ;
    %wait E_0x556c94a3b5a0;
    %load/vec4 v0x556c94a612a0_0;
    %flag_set/vec4 8;
    %jmp/0xz  T_19.0, 8;
    %pushi/vec4 0, 0, 1;
    %assign/vec4 v0x556c94a61420_0, 0;
    %jmp T_19.1;
T_19.0 ;
    %load/vec4 v0x556c94a611e0_0;
    %load/vec4 v0x556c94a61360_0;
    %and;
    %flag_set/vec4 8;
    %jmp/0xz  T_19.2, 8;
    %pushi/vec4 0, 0, 1;
    %assign/vec4 v0x556c94a61420_0, 0;
    %jmp T_19.3;
T_19.2 ;
    %load/vec4 v0x556c94a611e0_0;
    %flag_set/vec4 8;
    %jmp/0xz  T_19.4, 8;
    %pushi/vec4 1, 0, 1;
    %assign/vec4 v0x556c94a61420_0, 0;
T_19.4 ;
T_19.3 ;
T_19.1 ;
    %jmp T_19;
    .thread T_19;
    .scope S_0x556c94a61aa0;
T_20 ;
    %vpi_call 10 23 "$dumpfile", "wave.vcd" {0 0 0};
    %vpi_call 10 24 "$dumpvars" {0 0 0};
    %end;
    .thread T_20;
    .scope S_0x556c94a61aa0;
T_21 ;
    %wait E_0x556c94a3b5a0;
    %load/vec4 v0x556c94a62610_0;
    %flag_set/vec4 8;
    %jmp/0xz  T_21.0, 8;
    %pushi/vec4 0, 0, 11;
    %assign/vec4 v0x556c94a622a0_0, 0;
    %pushi/vec4 0, 0, 10;
    %assign/vec4 v0x556c94a62380_0, 0;
    %jmp T_21.1;
T_21.0 ;
    %load/vec4 v0x556c94a622a0_0;
    %parti/s 1, 10, 5;
    %load/vec4 v0x556c94a62380_0;
    %or/r;
    %nor/r;
    %and;
    %flag_set/vec4 8;
    %jmp/0xz  T_21.2, 8;
    %pushi/vec4 1, 0, 1;
    %assign/vec4 v0x556c94a62840_0, 0;
    %jmp T_21.3;
T_21.2 ;
    %load/vec4 v0x556c94a626e0_0;
    %load/vec4 v0x556c94a62840_0;
    %and;
    %flag_set/vec4 8;
    %jmp/0xz  T_21.4, 8;
    %pushi/vec4 0, 0, 1;
    %assign/vec4 v0x556c94a62840_0, 0;
T_21.4 ;
T_21.3 ;
    %load/vec4 v0x556c94a62840_0;
    %load/vec4 v0x556c94a622a0_0;
    %parti/s 1, 10, 5;
    %or;
    %flag_set/vec4 8;
    %jmp/0xz  T_21.6, 8;
    %pushi/vec4 868, 0, 11;
    %assign/vec4 v0x556c94a622a0_0, 0;
    %jmp T_21.7;
T_21.6 ;
    %load/vec4 v0x556c94a622a0_0;
    %subi 1, 0, 11;
    %assign/vec4 v0x556c94a622a0_0, 0;
T_21.7 ;
    %load/vec4 v0x556c94a622a0_0;
    %parti/s 1, 10, 5;
    %flag_set/vec4 8;
    %jmp/0xz  T_21.8, 8;
    %pushi/vec4 0, 0, 1;
    %load/vec4 v0x556c94a62380_0;
    %parti/s 9, 1, 2;
    %concat/vec4; draw_concat_vec4
    %assign/vec4 v0x556c94a62380_0, 0;
    %jmp T_21.9;
T_21.8 ;
    %load/vec4 v0x556c94a626e0_0;
    %load/vec4 v0x556c94a62840_0;
    %and;
    %flag_set/vec4 8;
    %jmp/0xz  T_21.10, 8;
    %pushi/vec4 1, 0, 1;
    %load/vec4 v0x556c94a62550_0;
    %concat/vec4; draw_concat_vec4
    %concati/vec4 0, 0, 1;
    %assign/vec4 v0x556c94a62380_0, 0;
T_21.10 ;
T_21.9 ;
T_21.1 ;
    %jmp T_21;
    .thread T_21;
    .scope S_0x556c949e43e0;
T_22 ;
    %wait E_0x556c94a3b5a0;
    %load/vec4 v0x556c94a62d20_0;
    %assign/vec4 v0x556c94a62e60_0, 0;
    %jmp T_22;
    .thread T_22;
    .scope S_0x556c9494d1b0;
T_23 ;
    %wait E_0x556c9496dbb0;
    %pushi/vec4 0, 0, 32;
    %store/vec4 v0x556c94a64860_0, 0, 32;
    %load/vec4 v0x556c94a64d00_0;
    %load/vec4 v0x556c94a64c30_0;
    %concat/vec4; draw_concat_vec4
    %load/vec4 v0x556c94a64b60_0;
    %concat/vec4; draw_concat_vec4
    %dup/vec4;
    %pushi/vec4 1, 0, 3;
    %cmp/u;
    %jmp/1 T_23.0, 6;
    %dup/vec4;
    %pushi/vec4 2, 0, 3;
    %cmp/u;
    %jmp/1 T_23.1, 6;
    %dup/vec4;
    %pushi/vec4 4, 0, 3;
    %cmp/u;
    %jmp/1 T_23.2, 6;
    %jmp T_23.3;
T_23.0 ;
    %load/vec4 v0x556c94a64480_0;
    %store/vec4 v0x556c94a64860_0, 0, 32;
    %jmp T_23.3;
T_23.1 ;
    %load/vec4 v0x556c94a64950_0;
    %store/vec4 v0x556c94a64860_0, 0, 32;
    %jmp T_23.3;
T_23.2 ;
    %load/vec4 v0x556c94a64a20_0;
    %store/vec4 v0x556c94a64860_0, 0, 32;
    %jmp T_23.3;
T_23.3 ;
    %pop/vec4 1;
    %jmp T_23;
    .thread T_23, $push;
    .scope S_0x556c94a2dfa0;
T_24 ;
    %delay 5, 0;
    %load/vec4 v0x556c94a64e70_0;
    %inv;
    %store/vec4 v0x556c94a64e70_0, 0, 1;
    %jmp T_24;
    .thread T_24;
    .scope S_0x556c94a2dfa0;
T_25 ;
    %vpi_call 2 17 "$dumpfile", "tb_processor.vcd" {0 0 0};
    %vpi_call 2 18 "$dumpvars", 32'sb00000000000000000000000000000000, S_0x556c94a2dfa0 {0 0 0};
    %end;
    .thread T_25;
    .scope S_0x556c94a2dfa0;
T_26 ;
    %delay 1, 0;
    %pushi/vec4 1, 1, 1;
    %assign/vec4 v0x556c94a64f30_0, 0;
    %pushi/vec4 1, 1, 1;
    %assign/vec4 v0x556c94a64e70_0, 0;
    %delay 30, 0;
    %pushi/vec4 1, 0, 1;
    %assign/vec4 v0x556c94a64f30_0, 0;
    %delay 30, 0;
    %pushi/vec4 0, 0, 1;
    %assign/vec4 v0x556c94a64f30_0, 0;
    %pushi/vec4 0, 0, 1;
    %assign/vec4 v0x556c94a64e70_0, 0;
    %pushi/vec4 5, 0, 32;
T_26.0 %dup/vec4;
    %pushi/vec4 0, 0, 32;
    %cmp/s;
    %jmp/1xz T_26.1, 5;
    %jmp/1 T_26.1, 4;
    %pushi/vec4 1, 0, 32;
    %sub;
    %wait E_0x556c94a3b5a0;
    %jmp T_26.0;
T_26.1 ;
    %pop/vec4 1;
    %pushi/vec4 1, 0, 1;
    %assign/vec4 v0x556c94a64f30_0, 0;
    %wait E_0x556c94a3b5a0;
    %pushi/vec4 20000, 0, 32;
T_26.2 %dup/vec4;
    %pushi/vec4 0, 0, 32;
    %cmp/s;
    %jmp/1xz T_26.3, 5;
    %jmp/1 T_26.3, 4;
    %pushi/vec4 1, 0, 32;
    %sub;
    %wait E_0x556c94a3b5a0;
    %jmp T_26.2;
T_26.3 ;
    %pop/vec4 1;
    %vpi_call 2 29 "$finish", 32'sb00000000000000000000000000000010 {0 0 0};
    %end;
    .thread T_26;
# The file index is used to find the file name in the following table.
:file_names 11;
    "N/A";
    "<interactive>";
    "tb_processor.v";
    "src/top.v";
    "src/Memory.v";
    "src/device_select.v";
    "src/gpio_ip.v";
    "src/femtorv32_quark.v";
    "src/uart_ip.v";
    "src/regs_uart.v";
    "src/uart_tx.v";
